2025-06-27 16:19:46,404 [INFO] Activator:176 - 


2025-06-27 16:19:46,405 [INFO] Activator:177 - !SESSION log4j initialized
2025-06-27 16:19:49,351 [INFO] LogOutputStream:77 - [STDOUT_REDIRECT] 
2025-06-27 16:19:52,238 [INFO] ApplicationProperties:184 - Using Application install path: C:\ST\STM32CubeIDE_1.18.1\STM32CubeIDE\plugins\com.st.stm32cube.common.mx_6.14.1.202504091515
2025-06-27 16:19:52,255 [INFO] DbMcusXml:78 - Set database path to: C:\ST\STM32CubeIDE_1.18.1\STM32CubeIDE\plugins\com.st.stm32cube.common.mx_6.14.1.202504091515\\db\/mcu/
2025-06-27 16:19:52,256 [INFO] ApiDb:274 - Set plugin database path to: C:\ST\STM32CubeIDE_1.18.1\STM32CubeIDE\plugins\com.st.stm32cube.common.mx_6.14.1.202504091515\\db\/plugins/boardmanager/
2025-06-27 16:19:52,256 [WARN] ApiDb:259 - Overriding images path with different value:  => C:\ST\STM32CubeIDE_1.18.1\STM32CubeIDE\plugins\com.st.stm32cube.common.mx_6.14.1.202504091515\\db\/plugins/mcufinder/images/
2025-06-27 16:19:52,263 [INFO] ApiDb:250 - Set database path to: C:\Users\kccistc\.stmcufinder\plugins\mcufinder//mcu/
2025-06-27 16:19:52,264 [INFO] DbMcusAds:125 - Set database path to: C:\Users\kccistc\.stmcufinder\plugins\mcufinder//mcu/
2025-06-27 16:19:52,268 [INFO] CrossReferenceDbSqlite:203 - Set database path to: C:\Users\kccistc\.stmcufinder\plugins\mcufinder//mcu/cs/
2025-06-27 16:19:52,384 [INFO] RulesReader:64 - Compatibility file has been processed (302 Rules)
2025-06-27 16:19:52,496 [INFO] DbMcusXml:78 - Set database path to: C:\ST\STM32CubeIDE_1.18.1\STM32CubeIDE\plugins\com.st.stm32cube.common.mx_6.14.1.202504091515\\db\/mcu/
2025-06-27 16:19:52,496 [INFO] ApiDb:274 - Set plugin database path to: C:\ST\STM32CubeIDE_1.18.1\STM32CubeIDE\plugins\com.st.stm32cube.common.mx_6.14.1.202504091515\\db\/plugins/boardmanager/
2025-06-27 16:19:52,496 [INFO] ApiDb:261 - Set plugin images path to: C:\ST\STM32CubeIDE_1.18.1\STM32CubeIDE\plugins\com.st.stm32cube.common.mx_6.14.1.202504091515\\db\/plugins/mcufinder/images/
2025-06-27 16:19:52,496 [WARN] DbFile:41 - Overriding database path with different value: C:\Users\kccistc\.stmcufinder\plugins\mcufinder/ => C:\Users\kccistc\.stmcufinder\plugins\mcufinder
2025-06-27 16:19:52,496 [INFO] ApiDb:250 - Set database path to: C:\Users\kccistc\.stmcufinder\plugins\mcufinder//mcu/
2025-06-27 16:19:52,497 [WARN] DbFile:41 - Overriding database path with different value: C:\Users\kccistc\.stmcufinder\plugins\mcufinder/ => C:\Users\kccistc\.stmcufinder\plugins\mcufinder
2025-06-27 16:19:52,497 [INFO] DbMcusAds:125 - Set database path to: C:\Users\kccistc\.stmcufinder\plugins\mcufinder//mcu/
2025-06-27 16:19:52,497 [WARN] DbFile:41 - Overriding database path with different value: C:\Users\kccistc\.stmcufinder\plugins\mcufinder/ => C:\Users\kccistc\.stmcufinder\plugins\mcufinder
2025-06-27 16:19:52,497 [WARN] DbFile:41 - Overriding database path with different value: C:\Users\kccistc\.stmcufinder\plugins\mcufinder/ => C:\Users\kccistc\.stmcufinder\plugins\mcufinder
2025-06-27 16:19:52,497 [INFO] CrossReferenceDbSqlite:203 - Set database path to: C:\Users\kccistc\.stmcufinder\plugins\mcufinder//mcu/cs/
2025-06-27 16:19:52,570 [INFO] MainPanel:272 - HeapMemory: 268435456
2025-06-27 16:19:52,683 [INFO] DbMcusXml:78 - Set database path to: C:\ST\STM32CubeIDE_1.18.1\STM32CubeIDE\plugins\com.st.stm32cube.common.mx_6.14.1.202504091515\\db\/mcu/
2025-06-27 16:19:52,683 [INFO] ApiDb:274 - Set plugin database path to: C:\ST\STM32CubeIDE_1.18.1\STM32CubeIDE\plugins\com.st.stm32cube.common.mx_6.14.1.202504091515\\db\/plugins/boardmanager/
2025-06-27 16:19:52,683 [INFO] ApiDb:261 - Set plugin images path to: C:\ST\STM32CubeIDE_1.18.1\STM32CubeIDE\plugins\com.st.stm32cube.common.mx_6.14.1.202504091515\\db\/plugins/mcufinder/images/
2025-06-27 16:19:52,683 [WARN] DbFile:41 - Overriding database path with different value: C:\Users\kccistc\.stmcufinder\plugins\mcufinder/ => C:\Users\kccistc\.stmcufinder\plugins\mcufinder
2025-06-27 16:19:52,683 [INFO] ApiDb:250 - Set database path to: C:\Users\kccistc\.stmcufinder\plugins\mcufinder//mcu/
2025-06-27 16:19:52,683 [WARN] DbFile:41 - Overriding database path with different value: C:\Users\kccistc\.stmcufinder\plugins\mcufinder/ => C:\Users\kccistc\.stmcufinder\plugins\mcufinder
2025-06-27 16:19:52,683 [INFO] DbMcusAds:125 - Set database path to: C:\Users\kccistc\.stmcufinder\plugins\mcufinder//mcu/
2025-06-27 16:19:52,683 [WARN] DbFile:41 - Overriding database path with different value: C:\Users\kccistc\.stmcufinder\plugins\mcufinder/ => C:\Users\kccistc\.stmcufinder\plugins\mcufinder
2025-06-27 16:19:52,683 [WARN] DbFile:41 - Overriding database path with different value: C:\Users\kccistc\.stmcufinder\plugins\mcufinder/ => C:\Users\kccistc\.stmcufinder\plugins\mcufinder
2025-06-27 16:19:52,683 [INFO] CrossReferenceDbSqlite:203 - Set database path to: C:\Users\kccistc\.stmcufinder\plugins\mcufinder//mcu/cs/
2025-06-27 16:19:52,699 [INFO] ApplicationProperties:184 - Using Application install path: C:\ST\STM32CubeIDE_1.18.1\STM32CubeIDE\plugins\com.st.stm32cube.common.mx_6.14.1.202504091515
2025-06-27 16:19:52,699 [INFO] PluginManage:196 - Search for loadable plugins [exclusion list=, ]
2025-06-27 16:19:52,699 [INFO] PluginManage:310 - Check plugin analytics
2025-06-27 16:19:52,967 [INFO] AnalyticsPlugin:253 - Accepted Software Licenses: 
2025-06-27 16:19:52,967 [INFO] AnalyticsPlugin:255 - Accepted CMSIS Pack Licenses: 
2025-06-27 16:19:52,967 [INFO] AnalyticsPlugin:257 - Accepted Firmware Licenses: FW.F4.1.28.0
2025-06-27 16:19:52,967 [INFO] PluginManage:359 - Loaded plugin analytics (category:tool,tabindex:-1)
2025-06-27 16:19:52,967 [INFO] PluginManage:310 - Check plugin cadmodel
2025-06-27 16:19:53,037 [INFO] CADModel:105 - Init CAD model plugin
2025-06-27 16:19:53,037 [INFO] PluginManage:359 - Loaded plugin cadmodel (category:power,tabindex:5)
2025-06-27 16:19:53,037 [INFO] PluginManage:310 - Check plugin clock
2025-06-27 16:19:53,096 [INFO] PluginManage:359 - Loaded plugin clock (category:base,tabindex:2)
2025-06-27 16:19:53,098 [INFO] PluginManage:310 - Check plugin ddr
2025-06-27 16:19:53,109 [INFO] PluginManage:359 - Loaded plugin ddr (category:tool,tabindex:6)
2025-06-27 16:19:53,109 [INFO] PluginManage:310 - Check plugin filemanager
2025-06-27 16:19:53,271 [INFO] PluginManage:359 - Loaded plugin filemanager (category:base,tabindex:10)
2025-06-27 16:19:53,271 [INFO] PluginManage:310 - Check plugin ipmanager
2025-06-27 16:19:53,283 [INFO] PluginManage:359 - Loaded plugin ipmanager (category:base,tabindex:5)
2025-06-27 16:19:53,283 [INFO] PluginManage:310 - Check plugin lpbam
2025-06-27 16:19:53,299 [INFO] PluginManage:359 - Loaded plugin lpbam (category:base,tabindex:0)
2025-06-27 16:19:53,299 [INFO] PluginManage:310 - Check plugin memorymap
2025-06-27 16:19:53,318 [INFO] PluginManage:359 - Loaded plugin memorymap (category:base,tabindex:4)
2025-06-27 16:19:53,318 [INFO] PluginManage:310 - Check plugin pinoutandconfiguration
2025-06-27 16:19:53,346 [INFO] PluginManage:359 - Loaded plugin pinoutandconfiguration (category:base,tabindex:1)
2025-06-27 16:19:53,346 [INFO] PluginManage:310 - Check plugin pinoutconfig
2025-06-27 16:19:53,473 [WARN] SupportedApi:132 - Cannot load RTOS API schema: s4s-elt-must-match.1: The content of 'definitions' must match (annotation?, (simpleType | complexType)?, (unique | key | keyref)*)). A problem was found starting at: attribute.
2025-06-27 16:19:53,584 [INFO] PluginManage:359 - Loaded plugin pinoutconfig (category:base,tabindex:0)
2025-06-27 16:19:53,584 [INFO] PluginManage:310 - Check plugin power
2025-06-27 16:19:53,603 [INFO] PluginManage:359 - Loaded plugin power (category:power,tabindex:4)
2025-06-27 16:19:53,603 [INFO] PluginManage:310 - Check plugin projectmanager
2025-06-27 16:19:53,609 [INFO] PluginManage:359 - Loaded plugin projectmanager (category:projectmanager,tabindex:4)
2025-06-27 16:19:53,609 [INFO] PluginManage:310 - Check plugin rif
2025-06-27 16:19:53,657 [INFO] PluginManage:359 - Loaded plugin rif (category:base,tabindex:3)
2025-06-27 16:19:53,657 [INFO] PluginManage:310 - Check plugin thirdparty
2025-06-27 16:19:53,952 [WARN] IntegrityCheckThread:84 - waiting for thirdparty lock release [integrity check]
2025-06-27 16:19:53,952 [INFO] PluginManage:359 - Loaded plugin thirdparty (category:base,tabindex:-1)
2025-06-27 16:19:53,952 [INFO] IntegrityCheckThread:86 - entering critical section [integrity check]
2025-06-27 16:19:53,954 [INFO] PluginManage:310 - Check plugin tools
2025-06-27 16:19:53,954 [INFO] ThirdPartyUpdaterWithRetryManager:70 - Updater plugin not ready yet. [1/15]
2025-06-27 16:19:53,986 [INFO] PluginManage:359 - Loaded plugin tools (category:base,tabindex:7)
2025-06-27 16:19:53,986 [INFO] PluginManage:310 - Check plugin tutovideos
2025-06-27 16:19:54,146 [INFO] PluginManage:359 - Loaded plugin tutovideos (category:base,tabindex:-1)
2025-06-27 16:19:54,146 [INFO] PluginManage:310 - Check plugin updater
2025-06-27 16:19:54,161 [INFO] PluginManage:359 - Loaded plugin updater (category:base,tabindex:12)
2025-06-27 16:19:54,161 [INFO] PluginManage:310 - Check plugin userauth
2025-06-27 16:19:54,177 [INFO] UserAuth:118 - Init User Auth plugin
2025-06-27 16:19:54,177 [INFO] PluginManage:359 - Loaded plugin userauth (category:base,tabindex:14)
2025-06-27 16:19:54,177 [INFO] PluginManage:283 - PluginManage : Loaded plugins [18]
2025-06-27 16:19:54,350 [INFO] PinOutPanel:1589 - setPackage(No Configuration,No Configuration)
2025-06-27 16:19:54,439 [INFO] CADModel:165 - CPN selected for project level
2025-06-27 16:19:54,439 [INFO] CADModel:114 - Register for checkConnection events
2025-06-27 16:19:54,460 [INFO] IPUIPlugin:80 - create IPUIPlugin
2025-06-27 16:19:54,460 [INFO] PluginManager:220 - loadIPPluginJar : add adc
2025-06-27 16:19:54,505 [INFO] IPUIPlugin:80 - create IPUIPlugin
2025-06-27 16:19:54,505 [INFO] PluginManager:220 - loadIPPluginJar : add aes
2025-06-27 16:19:54,545 [INFO] IPUIPlugin:80 - create IPUIPlugin
2025-06-27 16:19:54,545 [INFO] PluginManager:220 - loadIPPluginJar : add can
2025-06-27 16:19:54,570 [INFO] IPUIPlugin:80 - create IPUIPlugin
2025-06-27 16:19:54,570 [INFO] PluginManager:220 - loadIPPluginJar : add comp
2025-06-27 16:19:54,602 [INFO] IPUIPlugin:80 - create IPUIPlugin
2025-06-27 16:19:54,602 [INFO] PluginManager:220 - loadIPPluginJar : add cryp
2025-06-27 16:19:54,611 [INFO] IPUIPlugin:80 - create IPUIPlugin
2025-06-27 16:19:54,611 [INFO] PluginManager:220 - loadIPPluginJar : add ddr_ctrl_phy
2025-06-27 16:19:54,636 [INFO] IPUIPlugin:80 - create IPUIPlugin
2025-06-27 16:19:54,636 [INFO] PluginManager:220 - loadIPPluginJar : add dfsdm
2025-06-27 16:19:54,650 [INFO] IPUIPlugin:80 - create IPUIPlugin
2025-06-27 16:19:54,650 [INFO] PluginManager:220 - loadIPPluginJar : add dma
2025-06-27 16:19:54,682 [INFO] IPUIPlugin:80 - create IPUIPlugin
2025-06-27 16:19:54,682 [INFO] PluginManager:220 - loadIPPluginJar : add dma3
2025-06-27 16:19:54,714 [INFO] IPUIPlugin:80 - create IPUIPlugin
2025-06-27 16:19:54,714 [INFO] PluginManager:220 - loadIPPluginJar : add extmemmanager
2025-06-27 16:19:54,737 [INFO] IPUIPlugin:80 - create IPUIPlugin
2025-06-27 16:19:54,737 [INFO] PluginManager:220 - loadIPPluginJar : add fatfs
2025-06-27 16:19:54,777 [INFO] IPUIPlugin:80 - create IPUIPlugin
2025-06-27 16:19:54,777 [INFO] PluginManager:220 - loadIPPluginJar : add fmc
2025-06-27 16:19:54,809 [INFO] IPUIPlugin:80 - create IPUIPlugin
2025-06-27 16:19:54,809 [INFO] PluginManager:220 - loadIPPluginJar : add freertos
2025-06-27 16:19:54,825 [INFO] IPUIPlugin:80 - create IPUIPlugin
2025-06-27 16:19:54,825 [INFO] PluginManager:220 - loadIPPluginJar : add genericplugin
2025-06-27 16:19:54,889 [INFO] IPUIPlugin:80 - create IPUIPlugin
2025-06-27 16:19:54,889 [INFO] PluginManager:220 - loadIPPluginJar : add gfxmmu
2025-06-27 16:19:55,007 [INFO] IPUIPlugin:80 - create IPUIPlugin
2025-06-27 16:19:55,007 [INFO] PluginManager:220 - loadIPPluginJar : add gic
2025-06-27 16:19:55,016 [INFO] IPUIPlugin:80 - create IPUIPlugin
2025-06-27 16:19:55,016 [INFO] PluginManager:220 - loadIPPluginJar : add gpio
2025-06-27 16:19:55,099 [INFO] IPUIPlugin:80 - create IPUIPlugin
2025-06-27 16:19:55,099 [INFO] PluginManager:220 - loadIPPluginJar : add gtzc
2025-06-27 16:19:55,115 [INFO] IPUIPlugin:80 - create IPUIPlugin
2025-06-27 16:19:55,115 [INFO] PluginManager:220 - loadIPPluginJar : add hash
2025-06-27 16:19:55,159 [INFO] IPUIPlugin:80 - create IPUIPlugin
2025-06-27 16:19:55,159 [INFO] PluginManager:220 - loadIPPluginJar : add i2c
2025-06-27 16:19:55,202 [INFO] IPUIPlugin:80 - create IPUIPlugin
2025-06-27 16:19:55,202 [INFO] PluginManager:220 - loadIPPluginJar : add i2s
2025-06-27 16:19:55,242 [INFO] IPUIPlugin:80 - create IPUIPlugin
2025-06-27 16:19:55,242 [INFO] PluginManager:220 - loadIPPluginJar : add i3c
2025-06-27 16:19:55,319 [INFO] IPUIPlugin:80 - create IPUIPlugin
2025-06-27 16:19:55,319 [INFO] PluginManager:220 - loadIPPluginJar : add ipddr
2025-06-27 16:19:55,409 [INFO] IPUIPlugin:80 - create IPUIPlugin
2025-06-27 16:19:55,409 [INFO] PluginManager:220 - loadIPPluginJar : add linkedlist
2025-06-27 16:19:55,445 [INFO] IPUIPlugin:80 - create IPUIPlugin
2025-06-27 16:19:55,445 [INFO] PluginManager:220 - loadIPPluginJar : add lorawan
2025-06-27 16:19:55,477 [INFO] IPUIPlugin:80 - create IPUIPlugin
2025-06-27 16:19:55,477 [INFO] PluginManager:220 - loadIPPluginJar : add ltdc
2025-06-27 16:19:55,479 [INFO] IPUIPlugin:80 - create IPUIPlugin
2025-06-27 16:19:55,479 [INFO] PluginManager:220 - loadIPPluginJar : add mdma
2025-06-27 16:19:55,493 [INFO] IPUIPlugin:80 - create IPUIPlugin
2025-06-27 16:19:55,501 [INFO] PluginManager:220 - loadIPPluginJar : add nvic
2025-06-27 16:19:55,524 [INFO] IPUIPlugin:80 - create IPUIPlugin
2025-06-27 16:19:55,524 [INFO] PluginManager:220 - loadIPPluginJar : add opamp
2025-06-27 16:19:55,585 [INFO] IPUIPlugin:80 - create IPUIPlugin
2025-06-27 16:19:55,585 [INFO] PluginManager:220 - loadIPPluginJar : add openamp
2025-06-27 16:19:55,620 [INFO] IPUIPlugin:80 - create IPUIPlugin
2025-06-27 16:19:55,620 [INFO] PluginManager:220 - loadIPPluginJar : add pdm2pcm
2025-06-27 16:19:55,631 [INFO] IPUIPlugin:80 - create IPUIPlugin
2025-06-27 16:19:55,631 [INFO] PluginManager:220 - loadIPPluginJar : add plateformsettings
2025-06-27 16:19:55,654 [INFO] IPUIPlugin:80 - create IPUIPlugin
2025-06-27 16:19:55,654 [INFO] PluginManager:220 - loadIPPluginJar : add quadspi
2025-06-27 16:19:55,674 [INFO] IPUIPlugin:80 - create IPUIPlugin
2025-06-27 16:19:55,674 [INFO] PluginManager:220 - loadIPPluginJar : add radio
2025-06-27 16:19:55,699 [INFO] IPUIPlugin:80 - create IPUIPlugin
2025-06-27 16:19:55,699 [INFO] PluginManager:220 - loadIPPluginJar : add resmgrutility
2025-06-27 16:19:55,742 [INFO] IPUIPlugin:80 - create IPUIPlugin
2025-06-27 16:19:55,742 [INFO] PluginManager:220 - loadIPPluginJar : add sai
2025-06-27 16:19:55,764 [INFO] IPUIPlugin:80 - create IPUIPlugin
2025-06-27 16:19:55,764 [INFO] PluginManager:220 - loadIPPluginJar : add spi
2025-06-27 16:19:55,827 [INFO] IPUIPlugin:80 - create IPUIPlugin
2025-06-27 16:19:55,827 [INFO] PluginManager:220 - loadIPPluginJar : add stm32_wpan
2025-06-27 16:19:55,859 [INFO] IPUIPlugin:80 - create IPUIPlugin
2025-06-27 16:19:55,859 [INFO] PluginManager:220 - loadIPPluginJar : add tim
2025-06-27 16:19:55,910 [INFO] IPUIPlugin:80 - create IPUIPlugin
2025-06-27 16:19:55,910 [INFO] PluginManager:220 - loadIPPluginJar : add touchsensing
2025-06-27 16:19:55,930 [INFO] IPUIPlugin:80 - create IPUIPlugin
2025-06-27 16:19:55,930 [INFO] PluginManager:220 - loadIPPluginJar : add tracer_emb
2025-06-27 16:19:55,951 [INFO] IPUIPlugin:80 - create IPUIPlugin
2025-06-27 16:19:55,951 [INFO] PluginManager:220 - loadIPPluginJar : add ts
2025-06-27 16:19:55,972 [INFO] IPUIPlugin:80 - create IPUIPlugin
2025-06-27 16:19:55,972 [INFO] PluginManager:220 - loadIPPluginJar : add tsc
2025-06-27 16:19:55,987 [INFO] IPUIPlugin:80 - create IPUIPlugin
2025-06-27 16:19:55,987 [INFO] PluginManager:220 - loadIPPluginJar : add ucpd
2025-06-27 16:19:56,035 [INFO] IPUIPlugin:80 - create IPUIPlugin
2025-06-27 16:19:56,035 [INFO] PluginManager:220 - loadIPPluginJar : add usart
2025-06-27 16:19:56,067 [INFO] IPUIPlugin:80 - create IPUIPlugin
2025-06-27 16:19:56,067 [INFO] PluginManager:220 - loadIPPluginJar : add usbx
2025-06-27 16:19:56,193 [FATAL] Updater:351 - Updater called before beeing initialized
2025-06-27 16:19:56,221 [INFO] RulesReader:64 - Compatibility file has been processed (302 Rules)
2025-06-27 16:19:56,221 [INFO] RulesReader:64 - Compatibility file has been processed (302 Rules)
2025-06-27 16:19:56,237 [INFO] CADModel:165 - CPN selected for project level
2025-06-27 16:19:56,237 [INFO] CADModel:114 - Register for checkConnection events
2025-06-27 16:19:56,237 [FATAL] Updater:351 - Updater called before beeing initialized
2025-06-27 16:19:56,237 [ERROR] CADModel:125 - Updater not yet initialized, retry later 
2025-06-27 16:19:56,396 [FATAL] Updater:351 - Updater called before beeing initialized
2025-06-27 16:19:56,402 [INFO] CADModel:165 - CPN selected for project level
2025-06-27 16:19:56,402 [INFO] CADModel:114 - Register for checkConnection events
2025-06-27 16:19:56,402 [FATAL] Updater:351 - Updater called before beeing initialized
2025-06-27 16:19:56,402 [ERROR] CADModel:125 - Updater not yet initialized, retry later 
2025-06-27 16:19:56,406 [FATAL] Updater:351 - Updater called before beeing initialized
2025-06-27 16:19:56,547 [FATAL] Updater:351 - Updater called before beeing initialized
2025-06-27 16:19:56,559 [INFO] DbMcusAds:53 - JSON generation date=Thu Jun 19 17:32:34 KST 2025 (1750321954415)
2025-06-27 16:19:56,559 [FATAL] Updater:351 - Updater called before beeing initialized
2025-06-27 16:19:56,593 [WARN] DetailPanel:346 - Failed to get advertising image, set to default
2025-06-27 16:19:56,765 [FATAL] Updater:351 - Updater called before beeing initialized
2025-06-27 16:19:56,765 [FATAL] Updater:351 - Updater called before beeing initialized
2025-06-27 16:19:56,765 [FATAL] Updater:351 - Updater called before beeing initialized
2025-06-27 16:19:56,765 [WARN] DetailPanel:346 - Failed to get advertising image, set to default
2025-06-27 16:19:56,780 [FATAL] Updater:351 - Updater called before beeing initialized
2025-06-27 16:19:56,824 [ERROR] Updater:1198 - MainUpdater not yet initialized. External WinMGr cannot be set.
2025-06-27 16:19:56,840 [INFO] Updater:1134 - Updater Version found : 6.14.1
2025-06-27 16:19:56,860 [INFO] ApplicationProperties:184 - Using Application install path: C:\ST\STM32CubeIDE_1.18.1\STM32CubeIDE\plugins\com.st.stm32cube.common.mx_6.14.1.202504091515
2025-06-27 16:19:56,968 [INFO] ThirdPartyUpdaterWithRetryManager:70 - Updater plugin not ready yet. [2/15]
2025-06-27 16:19:58,491 [ERROR] LogOutputStream:75 - [STDERR_REDIRECT] Jun 27, 2025 4:19:58 PM java.util.prefs.WindowsPreferences <init>
2025-06-27 16:19:58,491 [ERROR] LogOutputStream:75 - [STDERR_REDIRECT] WARNING: Could not open/create prefs root node Software\JavaSoft\Prefs at root 0xffffffff80000002. Windows RegCreateKeyEx(...) returned error code 5.
2025-06-27 16:19:58,491 [ERROR] LogOutputStream:75 - [STDERR_REDIRECT] 
2025-06-27 16:19:58,943 [INFO] MainUpdater:2872 - connection check result : 10
2025-06-27 16:19:58,946 [INFO] MainUpdater:289 - Updater Check For Update Now.
2025-06-27 16:19:58,946 [INFO] MicroXplorer:498 - Change Database Version : DB.6.0.141
2025-06-27 16:19:58,958 [INFO] McuFinderGlobals:63 - Set McuFinder mode to 2 (CubeIDE integrated)
2025-06-27 16:19:58,978 [INFO] UserAuth:484 - Internet connection configuration mode: 1
2025-06-27 16:19:59,019 [INFO] JxBrowserEngine:152 - Initiate JxBrowser Engine with user profile folder
2025-06-27 16:19:59,169 [INFO] CheckServerUpdateThread:120 - End of CheckServer Thread
2025-06-27 16:20:00,327 [WARN] PackLoader:240 - Cannot read IP mode file for STMicroelectronics.FP-SNS-MOTENVWB1.1.4.0
2025-06-27 16:20:00,357 [WARN] PackLoader:240 - Cannot read IP mode file for STMicroelectronics.FP-ATR-ASTRA1.2.0.2
2025-06-27 16:20:00,381 [WARN] PackLoader:240 - Cannot read IP mode file for STMicroelectronics.X-CUBE-SMBUS.2.1.0
2025-06-27 16:20:00,381 [WARN] PackLoader:240 - Cannot read IP mode file for STMicroelectronics.X-CUBE-ST60.1.0.0
2025-06-27 16:20:00,437 [WARN] PackLoader:240 - Cannot read IP mode file for STMicroelectronics.X-CUBE-AZRTOS-F7.1.1.0
2025-06-27 16:20:00,476 [WARN] PackLoader:240 - Cannot read IP mode file for Infineon.AIROC-Wi-Fi-Bluetooth-STM32.1.7.0
2025-06-27 16:20:00,508 [WARN] PackLoader:240 - Cannot read IP mode file for STMicroelectronics.X-CUBE-DISPLAY.3.0.0
2025-06-27 16:20:00,524 [WARN] PackLoader:240 - Cannot read IP mode file for STMicroelectronics.X-CUBE-NFC10.1.0.0
2025-06-27 16:20:00,555 [WARN] PackLoader:240 - Cannot read IP mode file for STMicroelectronics.X-CUBE-BLEMGR.4.0.0
2025-06-27 16:20:00,571 [WARN] PackLoader:240 - Cannot read IP mode file for emotas.I-CUBE-CANOPEN.1.3.0
2025-06-27 16:20:00,583 [WARN] ConditionMgr:438 - getConditionDescription Invalid condition id : Cortex-A Device cause : null
2025-06-27 16:20:00,607 [WARN] ConditionMgr:1044 - genDependencies : Invalid condition id : Cortex-A Device cause : null
2025-06-27 16:20:00,607 [WARN] ConditionMgr:1044 - genDependencies : Invalid condition id : Cortex-A Device cause : null
2025-06-27 16:20:00,607 [WARN] ConditionMgr:1044 - genDependencies : Invalid condition id : Cortex-A Device cause : null
2025-06-27 16:20:00,627 [WARN] PackLoader:240 - Cannot read IP mode file for STMicroelectronics.X-CUBE-AI.10.0.0
2025-06-27 16:20:00,634 [WARN] PackLoader:240 - Cannot read IP mode file for STMicroelectronics.FP-SNS-SMARTAG2.1.2.0
2025-06-27 16:20:00,654 [WARN] PackLoader:240 - Cannot read IP mode file for STMicroelectronics.FP-SNS-FLIGHT1.5.1.0
2025-06-27 16:20:00,672 [INFO] LogOutputStream:77 - [STDOUT_REDIRECT] 1 : Invalid condition id : UX_CORESTACK_Condition cause : null
2025-06-27 16:20:00,681 [INFO] LogOutputStream:77 - [STDOUT_REDIRECT] 1 : Invalid condition id : UX_CORESTACK_Condition cause : null
2025-06-27 16:20:00,681 [INFO] LogOutputStream:77 - [STDOUT_REDIRECT] 1 : Invalid condition id : UX_CORESTACK_Condition cause : null
2025-06-27 16:20:00,681 [INFO] LogOutputStream:77 - [STDOUT_REDIRECT] 1 : Invalid condition id : UX_CORESTACK_Condition cause : null
2025-06-27 16:20:00,681 [INFO] LogOutputStream:77 - [STDOUT_REDIRECT] 1 : Invalid condition id : UX_CORESTACK_Condition cause : null
2025-06-27 16:20:00,690 [WARN] PackLoader:240 - Cannot read IP mode file for STMicroelectronics.X-CUBE-AZRTOS-WL.2.0.0
2025-06-27 16:20:00,702 [WARN] PackLoader:240 - Cannot read IP mode file for STMicroelectronics.FP-SNS-MOTENV1.5.0.0
2025-06-27 16:20:00,730 [WARN] PackLoader:240 - Cannot read IP mode file for WES.I-CUBE-Cesium.1.3.0
2025-06-27 16:20:00,744 [WARN] PackLoader:240 - Cannot read IP mode file for STMicroelectronics.X-CUBE-BLE2.3.3.0
2025-06-27 16:20:00,759 [WARN] PackLoader:240 - Cannot read IP mode file for STMicroelectronics.X-CUBE-NFC9.1.0.0
2025-06-27 16:20:00,775 [WARN] PackLoader:240 - Cannot read IP mode file for wolfSSL.I-CUBE-wolfSSL.5.8.0
2025-06-27 16:20:00,781 [WARN] PackLoader:240 - Cannot read IP mode file for STMicroelectronics.X-CUBE-BLE1.7.1.0
2025-06-27 16:20:00,800 [WARN] PackLoader:240 - Cannot read IP mode file for wolfSSL.I-CUBE-wolfMQTT.1.19.2
2025-06-27 16:20:00,812 [WARN] PackLoader:240 - Cannot read IP mode file for STMicroelectronics.X-CUBE-AI.10.1.0
2025-06-27 16:20:00,855 [WARN] PackLoader:240 - Cannot read IP mode file for STMicroelectronics.X-CUBE-MEMS1.11.2.0
2025-06-27 16:20:00,963 [WARN] PackLoader:240 - Cannot read IP mode file for STMicroelectronics.X-CUBE-AZRTOS-G0.1.1.0
2025-06-27 16:20:00,979 [WARN] PackLoader:240 - Cannot read IP mode file for STMicroelectronics.X-CUBE-SAFEA1.1.2.2
2025-06-27 16:20:00,995 [WARN] PackLoader:240 - Cannot read IP mode file for STMicroelectronics.X-CUBE-NFC4.3.0.0
2025-06-27 16:20:01,010 [WARN] PackLoader:240 - Cannot read IP mode file for EmbeddedOffice.I-CUBE-FS-RTOS.1.0.1
2025-06-27 16:20:01,026 [WARN] PackLoader:240 - Cannot read IP mode file for STMicroelectronics.X-CUBE-WB05N.2.0.0
2025-06-27 16:20:01,042 [WARN] PackLoader:240 - Cannot read IP mode file for wolfSSL.I-CUBE-wolfTPM.3.8.0
2025-06-27 16:20:01,055 [WARN] PackLoader:240 - Cannot read IP mode file for STMicroelectronics.X-CUBE-TCPP.4.2.0
2025-06-27 16:20:01,064 [WARN] PackLoader:240 - Cannot read IP mode file for RealThread.X-CUBE-RT-Thread_Nano.4.1.1
2025-06-27 16:20:01,079 [WARN] PackLoader:240 - Cannot read IP mode file for STMicroelectronics.FP-ATR-SIGFOX1.3.2.0
2025-06-27 16:20:01,097 [WARN] PackLoader:240 - Cannot read IP mode file for STMicroelectronics.X-CUBE-EEPRMA1.5.1.0
2025-06-27 16:20:01,106 [WARN] PackLoader:240 - Cannot read IP mode file for ITTIA_DB.I-CUBE-ITTIADB.8.9.0
2025-06-27 16:20:01,130 [WARN] PackLoader:240 - Cannot read IP mode file for STMicroelectronics.X-CUBE-ST67W61.1.0.0
2025-06-27 16:20:01,155 [WARN] PackLoader:240 - Cannot read IP mode file for SEGGER.I-CUBE-embOS.1.3.1
2025-06-27 16:20:01,218 [WARN] PackLoader:240 - Cannot read IP mode file for STMicroelectronics.X-CUBE-ALGOBUILD.1.4.0
2025-06-27 16:20:01,327 [WARN] PackLoader:240 - Cannot read IP mode file for STMicroelectronics.X-CUBE-MEMS1.11.3.0
2025-06-27 16:20:01,406 [WARN] PackLoader:240 - Cannot read IP mode file for STMicroelectronics.X-CUBE-PM33A1.1.0.0
2025-06-27 16:20:01,421 [WARN] PackLoader:240 - Cannot read IP mode file for STMicroelectronics.X-CUBE-AZRTOS-F4.1.1.0
2025-06-27 16:20:01,437 [WARN] PackLoader:240 - Cannot read IP mode file for Avnet-IotConnect.X-CUBE-IoTC-DA16k-PMOD.1.0.0
2025-06-27 16:20:01,455 [WARN] PackLoader:240 - Cannot read IP mode file for STMicroelectronics.X-CUBE-ISPU.2.1.0
2025-06-27 16:20:01,484 [WARN] PackLoader:240 - Cannot read IP mode file for STMicroelectronics.X-CUBE-AZRTOS-L5.2.0.0
2025-06-27 16:20:01,500 [WARN] PackLoader:240 - Cannot read IP mode file for STMicroelectronics.X-CUBE-NFC6.3.1.0
2025-06-27 16:20:01,500 [INFO] WebApp:169 - Instantiating new browser for Auth
2025-06-27 16:20:01,516 [WARN] PackLoader:240 - Cannot read IP mode file for STMicroelectronics.X-CUBE-FREERTOS.1.3.1
2025-06-27 16:20:01,535 [WARN] PackLoader:240 - Cannot read IP mode file for STMicroelectronics.FP-SNS-STAIOTCFT.1.0.0
2025-06-27 16:20:01,560 [WARN] PackLoader:240 - Cannot read IP mode file for STMicroelectronics.X-CUBE-DPower.1.3.0
2025-06-27 16:20:01,595 [WARN] ConditionMgr:438 - getConditionDescription Invalid condition id : LAN8742 Phy interface Condition cause : null
2025-06-27 16:20:01,595 [WARN] PackLoader:240 - Cannot read IP mode file for STMicroelectronics.X-CUBE-AZRTOS-L4.2.0.0
2025-06-27 16:20:01,595 [WARN] ConditionMgr:1044 - genDependencies : Invalid condition id : LAN8742 Phy interface Condition cause : null
2025-06-27 16:20:01,595 [WARN] ConditionMgr:1044 - genDependencies : Invalid condition id : LAN8742 Phy interface Condition cause : null
2025-06-27 16:20:01,595 [WARN] ConditionMgr:1044 - genDependencies : Invalid condition id : LAN8742 Phy interface Condition cause : null
2025-06-27 16:20:01,610 [WARN] PackLoader:240 - Cannot read IP mode file for STMicroelectronics.X-CUBE-SFXS2LP1.4.0.0
2025-06-27 16:20:01,642 [WARN] PackLoader:240 - Cannot read IP mode file for STMicroelectronics.X-CUBE-AZRTOS-H7.3.3.0
2025-06-27 16:20:01,672 [WARN] ConditionMgr:438 - getConditionDescription Invalid condition id : UX DEVICE CLASS RTOS Condition cause : null
2025-06-27 16:20:01,672 [WARN] ConditionMgr:438 - getConditionDescription Invalid condition id : UX DEVICE CLASS RTOS Condition cause : null
2025-06-27 16:20:01,673 [WARN] PackLoader:240 - Cannot read IP mode file for STMicroelectronics.X-CUBE-AZRTOS-WB.2.0.0
2025-06-27 16:20:01,674 [WARN] ConditionMgr:1044 - genDependencies : Invalid condition id : UX DEVICE CLASS RTOS Condition cause : null
2025-06-27 16:20:01,674 [WARN] ConditionMgr:1044 - genDependencies : Invalid condition id : UX DEVICE CLASS RTOS Condition cause : null
2025-06-27 16:20:01,674 [WARN] ConditionMgr:1044 - genDependencies : Invalid condition id : UX DEVICE CLASS RTOS Condition cause : null
2025-06-27 16:20:01,674 [WARN] ConditionMgr:1044 - genDependencies : Invalid condition id : UX DEVICE CLASS RTOS Condition cause : null
2025-06-27 16:20:01,674 [WARN] ConditionMgr:1044 - genDependencies : Invalid condition id : UX DEVICE CLASS RTOS Condition cause : null
2025-06-27 16:20:01,687 [WARN] PackLoader:240 - Cannot read IP mode file for STMicroelectronics.X-CUBE-GNSS1.7.0.1
2025-06-27 16:20:01,703 [WARN] PackLoader:240 - Cannot read IP mode file for STMicroelectronics.X-CUBE-TOUCHGFX.4.25.0
2025-06-27 16:20:01,718 [WARN] PackLoader:240 - Cannot read IP mode file for STMicroelectronics.FP-SNS-STBOX1.2.0.0
2025-06-27 16:20:01,734 [WARN] PackLoader:240 - Cannot read IP mode file for STMicroelectronics.X-CUBE-SUBG2.5.0.0
2025-06-27 16:20:01,755 [WARN] PackLoader:240 - Cannot read IP mode file for STMicroelectronics.X-CUBE-AZRTOS-H7RS.1.1.0
2025-06-27 16:20:01,766 [WARN] PackLoader:240 - Cannot read IP mode file for Cesanta.I-CUBE-Mongoose.7.13.0
2025-06-27 16:20:01,798 [WARN] PackLoader:240 - Cannot read IP mode file for STMicroelectronics.X-CUBE-AZRTOS-G4.2.0.0
2025-06-27 16:20:01,813 [WARN] PackLoader:240 - Cannot read IP mode file for wolfSSL.I-CUBE-wolfSSH.1.4.20
2025-06-27 16:20:01,830 [WARN] PackLoader:240 - Cannot read IP mode file for STMicroelectronics.X-CUBE-NFC7.2.0.0
2025-06-27 16:20:01,855 [WARN] PackLoader:240 - Cannot read IP mode file for STMicroelectronics.X-CUBE-IPS.3.1.0
2025-06-27 16:20:01,861 [WARN] PackLoader:240 - Cannot read IP mode file for STMicroelectronics.X-CUBE-ALS.1.0.2
2025-06-27 16:20:01,877 [WARN] PackLoader:240 - Cannot read IP mode file for portGmbH.I-Cube-SoM-uGOAL.1.1.0
2025-06-27 16:20:01,892 [WARN] PackLoader:240 - Cannot read IP mode file for STMicroelectronics.X-CUBE-TOF1.3.4.3
2025-06-27 16:20:01,908 [INFO] ThirdParty:978 - Integrity check success = true
2025-06-27 16:20:01,908 [INFO] IntegrityCheckThread:100 - exiting critical section [integrity check]
2025-06-27 16:20:01,908 [INFO] IntegrityCheckThread:103 - End integrity checks thread
2025-06-27 16:20:02,521 [INFO] WebApp:463 - Apply proxy settings
2025-06-27 16:20:02,521 [INFO] WebApp:548 - Chromium requires no authentication
2025-06-27 16:20:02,530 [INFO] WebApp:491 - Direct internet connection detected
2025-06-27 16:20:02,555 [INFO] WebApp:894 - Register for checkConnection events
2025-06-27 16:20:02,555 [INFO] WebApp:463 - Apply proxy settings
2025-06-27 16:20:02,555 [INFO] WebApp:548 - Chromium requires no authentication
2025-06-27 16:20:02,556 [INFO] WebApp:491 - Direct internet connection detected
2025-06-27 16:20:02,684 [INFO] WebApp:225 - Starting web application
2025-06-27 16:20:02,684 [INFO] WebApp:593 - Web application path used C:\ST\STM32CubeIDE_1.18.1\STM32CubeIDE\plugins\com.st.stm32cube.common.mx_6.14.1.202504091515\db\plugins\mcufinder\reactClient1\index.html
2025-06-27 16:20:02,822 [INFO] UserAuth:484 - Internet connection configuration mode: 1
2025-06-27 16:20:02,889 [INFO] WebApp:191 - Connection restablished
2025-06-27 16:21:10,205 [ERROR] LogOutputStream:75 - [STDERR_REDIRECT] 
2025-06-27 16:21:10,205 [ERROR] LogOutputStream:75 - [STDERR_REDIRECT] 
2025-06-27 16:21:19,041 [INFO] Activator:176 - 


2025-06-27 16:21:19,042 [INFO] Activator:177 - !SESSION log4j initialized
2025-06-27 16:21:21,335 [INFO] LogOutputStream:77 - [STDOUT_REDIRECT] 
2025-06-27 16:21:49,531 [INFO] ApplicationProperties:184 - Using Application install path: C:\ST\STM32CubeIDE_1.18.1\STM32CubeIDE\plugins\com.st.stm32cube.common.mx_6.14.1.202504091515
2025-06-27 16:21:49,545 [INFO] DbMcusXml:78 - Set database path to: C:\ST\STM32CubeIDE_1.18.1\STM32CubeIDE\plugins\com.st.stm32cube.common.mx_6.14.1.202504091515\\db\/mcu/
2025-06-27 16:21:49,546 [INFO] ApiDb:274 - Set plugin database path to: C:\ST\STM32CubeIDE_1.18.1\STM32CubeIDE\plugins\com.st.stm32cube.common.mx_6.14.1.202504091515\\db\/plugins/boardmanager/
2025-06-27 16:21:49,546 [WARN] ApiDb:259 - Overriding images path with different value:  => C:\ST\STM32CubeIDE_1.18.1\STM32CubeIDE\plugins\com.st.stm32cube.common.mx_6.14.1.202504091515\\db\/plugins/mcufinder/images/
2025-06-27 16:21:49,550 [INFO] ApiDb:250 - Set database path to: C:\Users\kccistc\.stmcufinder\plugins\mcufinder//mcu/
2025-06-27 16:21:49,551 [INFO] DbMcusAds:125 - Set database path to: C:\Users\kccistc\.stmcufinder\plugins\mcufinder//mcu/
2025-06-27 16:21:49,601 [INFO] CrossReferenceDbSqlite:203 - Set database path to: C:\Users\kccistc\.stmcufinder\plugins\mcufinder//mcu/cs/
2025-06-27 16:21:49,702 [INFO] RulesReader:64 - Compatibility file has been processed (302 Rules)
2025-06-27 16:21:49,762 [INFO] DbMcusXml:78 - Set database path to: C:\ST\STM32CubeIDE_1.18.1\STM32CubeIDE\plugins\com.st.stm32cube.common.mx_6.14.1.202504091515\\db\/mcu/
2025-06-27 16:21:49,762 [INFO] ApiDb:274 - Set plugin database path to: C:\ST\STM32CubeIDE_1.18.1\STM32CubeIDE\plugins\com.st.stm32cube.common.mx_6.14.1.202504091515\\db\/plugins/boardmanager/
2025-06-27 16:21:49,762 [INFO] ApiDb:261 - Set plugin images path to: C:\ST\STM32CubeIDE_1.18.1\STM32CubeIDE\plugins\com.st.stm32cube.common.mx_6.14.1.202504091515\\db\/plugins/mcufinder/images/
2025-06-27 16:21:49,762 [WARN] DbFile:41 - Overriding database path with different value: C:\Users\kccistc\.stmcufinder\plugins\mcufinder/ => C:\Users\kccistc\.stmcufinder\plugins\mcufinder
2025-06-27 16:21:49,762 [INFO] ApiDb:250 - Set database path to: C:\Users\kccistc\.stmcufinder\plugins\mcufinder//mcu/
2025-06-27 16:21:49,762 [WARN] DbFile:41 - Overriding database path with different value: C:\Users\kccistc\.stmcufinder\plugins\mcufinder/ => C:\Users\kccistc\.stmcufinder\plugins\mcufinder
2025-06-27 16:21:49,762 [INFO] DbMcusAds:125 - Set database path to: C:\Users\kccistc\.stmcufinder\plugins\mcufinder//mcu/
2025-06-27 16:21:49,762 [WARN] DbFile:41 - Overriding database path with different value: C:\Users\kccistc\.stmcufinder\plugins\mcufinder/ => C:\Users\kccistc\.stmcufinder\plugins\mcufinder
2025-06-27 16:21:49,762 [WARN] DbFile:41 - Overriding database path with different value: C:\Users\kccistc\.stmcufinder\plugins\mcufinder/ => C:\Users\kccistc\.stmcufinder\plugins\mcufinder
2025-06-27 16:21:49,762 [INFO] CrossReferenceDbSqlite:203 - Set database path to: C:\Users\kccistc\.stmcufinder\plugins\mcufinder//mcu/cs/
2025-06-27 16:21:49,817 [INFO] MainPanel:272 - HeapMemory: 268435456
2025-06-27 16:21:49,878 [INFO] DbMcusXml:78 - Set database path to: C:\ST\STM32CubeIDE_1.18.1\STM32CubeIDE\plugins\com.st.stm32cube.common.mx_6.14.1.202504091515\\db\/mcu/
2025-06-27 16:21:49,878 [INFO] ApiDb:274 - Set plugin database path to: C:\ST\STM32CubeIDE_1.18.1\STM32CubeIDE\plugins\com.st.stm32cube.common.mx_6.14.1.202504091515\\db\/plugins/boardmanager/
2025-06-27 16:21:49,878 [INFO] ApiDb:261 - Set plugin images path to: C:\ST\STM32CubeIDE_1.18.1\STM32CubeIDE\plugins\com.st.stm32cube.common.mx_6.14.1.202504091515\\db\/plugins/mcufinder/images/
2025-06-27 16:21:49,880 [WARN] DbFile:41 - Overriding database path with different value: C:\Users\kccistc\.stmcufinder\plugins\mcufinder/ => C:\Users\kccistc\.stmcufinder\plugins\mcufinder
2025-06-27 16:21:49,880 [INFO] ApiDb:250 - Set database path to: C:\Users\kccistc\.stmcufinder\plugins\mcufinder//mcu/
2025-06-27 16:21:49,880 [WARN] DbFile:41 - Overriding database path with different value: C:\Users\kccistc\.stmcufinder\plugins\mcufinder/ => C:\Users\kccistc\.stmcufinder\plugins\mcufinder
2025-06-27 16:21:49,880 [INFO] DbMcusAds:125 - Set database path to: C:\Users\kccistc\.stmcufinder\plugins\mcufinder//mcu/
2025-06-27 16:21:49,881 [WARN] DbFile:41 - Overriding database path with different value: C:\Users\kccistc\.stmcufinder\plugins\mcufinder/ => C:\Users\kccistc\.stmcufinder\plugins\mcufinder
2025-06-27 16:21:49,881 [WARN] DbFile:41 - Overriding database path with different value: C:\Users\kccistc\.stmcufinder\plugins\mcufinder/ => C:\Users\kccistc\.stmcufinder\plugins\mcufinder
2025-06-27 16:21:49,881 [INFO] CrossReferenceDbSqlite:203 - Set database path to: C:\Users\kccistc\.stmcufinder\plugins\mcufinder//mcu/cs/
2025-06-27 16:21:49,895 [INFO] ApplicationProperties:184 - Using Application install path: C:\ST\STM32CubeIDE_1.18.1\STM32CubeIDE\plugins\com.st.stm32cube.common.mx_6.14.1.202504091515
2025-06-27 16:21:49,896 [INFO] PluginManage:196 - Search for loadable plugins [exclusion list=, ]
2025-06-27 16:21:49,897 [INFO] PluginManage:310 - Check plugin analytics
2025-06-27 16:21:50,065 [INFO] AnalyticsPlugin:253 - Accepted Software Licenses: 
2025-06-27 16:21:50,065 [INFO] AnalyticsPlugin:255 - Accepted CMSIS Pack Licenses: 
2025-06-27 16:21:50,065 [INFO] AnalyticsPlugin:257 - Accepted Firmware Licenses: FW.F4.1.28.0
2025-06-27 16:21:50,069 [INFO] PluginManage:359 - Loaded plugin analytics (category:tool,tabindex:-1)
2025-06-27 16:21:50,069 [INFO] PluginManage:310 - Check plugin cadmodel
2025-06-27 16:21:50,073 [INFO] CADModel:105 - Init CAD model plugin
2025-06-27 16:21:50,073 [INFO] PluginManage:359 - Loaded plugin cadmodel (category:power,tabindex:5)
2025-06-27 16:21:50,073 [INFO] PluginManage:310 - Check plugin clock
2025-06-27 16:21:50,082 [INFO] PluginManage:359 - Loaded plugin clock (category:base,tabindex:2)
2025-06-27 16:21:50,083 [INFO] PluginManage:310 - Check plugin ddr
2025-06-27 16:21:50,084 [INFO] PluginManage:359 - Loaded plugin ddr (category:tool,tabindex:6)
2025-06-27 16:21:50,085 [INFO] PluginManage:310 - Check plugin filemanager
2025-06-27 16:21:50,242 [INFO] PluginManage:359 - Loaded plugin filemanager (category:base,tabindex:10)
2025-06-27 16:21:50,242 [INFO] PluginManage:310 - Check plugin ipmanager
2025-06-27 16:21:50,247 [INFO] PluginManage:359 - Loaded plugin ipmanager (category:base,tabindex:5)
2025-06-27 16:21:50,247 [INFO] PluginManage:310 - Check plugin lpbam
2025-06-27 16:21:50,253 [INFO] PluginManage:359 - Loaded plugin lpbam (category:base,tabindex:0)
2025-06-27 16:21:50,253 [INFO] PluginManage:310 - Check plugin memorymap
2025-06-27 16:21:50,259 [INFO] PluginManage:359 - Loaded plugin memorymap (category:base,tabindex:4)
2025-06-27 16:21:50,259 [INFO] PluginManage:310 - Check plugin pinoutandconfiguration
2025-06-27 16:21:50,264 [INFO] PluginManage:359 - Loaded plugin pinoutandconfiguration (category:base,tabindex:1)
2025-06-27 16:21:50,264 [INFO] PluginManage:310 - Check plugin pinoutconfig
2025-06-27 16:21:50,317 [WARN] SupportedApi:132 - Cannot load RTOS API schema: s4s-elt-must-match.1: The content of 'definitions' must match (annotation?, (simpleType | complexType)?, (unique | key | keyref)*)). A problem was found starting at: attribute.
2025-06-27 16:21:50,413 [INFO] PluginManage:359 - Loaded plugin pinoutconfig (category:base,tabindex:0)
2025-06-27 16:21:50,413 [INFO] PluginManage:310 - Check plugin power
2025-06-27 16:21:50,421 [INFO] PluginManage:359 - Loaded plugin power (category:power,tabindex:4)
2025-06-27 16:21:50,421 [INFO] PluginManage:310 - Check plugin projectmanager
2025-06-27 16:21:50,435 [INFO] PluginManage:359 - Loaded plugin projectmanager (category:projectmanager,tabindex:4)
2025-06-27 16:21:50,435 [INFO] PluginManage:310 - Check plugin rif
2025-06-27 16:21:50,442 [INFO] PluginManage:359 - Loaded plugin rif (category:base,tabindex:3)
2025-06-27 16:21:50,442 [INFO] PluginManage:310 - Check plugin thirdparty
2025-06-27 16:21:50,546 [INFO] PluginManage:359 - Loaded plugin thirdparty (category:base,tabindex:-1)
2025-06-27 16:21:50,546 [INFO] PluginManage:310 - Check plugin tools
2025-06-27 16:21:50,546 [WARN] IntegrityCheckThread:84 - waiting for thirdparty lock release [integrity check]
2025-06-27 16:21:50,547 [INFO] IntegrityCheckThread:86 - entering critical section [integrity check]
2025-06-27 16:21:50,547 [INFO] ThirdPartyUpdaterWithRetryManager:70 - Updater plugin not ready yet. [1/15]
2025-06-27 16:21:50,549 [INFO] PluginManage:359 - Loaded plugin tools (category:base,tabindex:7)
2025-06-27 16:21:50,549 [INFO] PluginManage:310 - Check plugin tutovideos
2025-06-27 16:21:50,671 [INFO] PluginManage:359 - Loaded plugin tutovideos (category:base,tabindex:-1)
2025-06-27 16:21:50,671 [INFO] PluginManage:310 - Check plugin updater
2025-06-27 16:21:50,701 [INFO] PluginManage:359 - Loaded plugin updater (category:base,tabindex:12)
2025-06-27 16:21:50,701 [INFO] PluginManage:310 - Check plugin userauth
2025-06-27 16:21:50,708 [INFO] UserAuth:118 - Init User Auth plugin
2025-06-27 16:21:50,709 [INFO] PluginManage:359 - Loaded plugin userauth (category:base,tabindex:14)
2025-06-27 16:21:50,709 [INFO] PluginManage:283 - PluginManage : Loaded plugins [18]
2025-06-27 16:21:50,855 [INFO] PinOutPanel:1589 - setPackage(No Configuration,No Configuration)
2025-06-27 16:21:50,916 [INFO] CADModel:165 - CPN selected for project level
2025-06-27 16:21:50,916 [INFO] CADModel:114 - Register for checkConnection events
2025-06-27 16:21:50,928 [INFO] IPUIPlugin:80 - create IPUIPlugin
2025-06-27 16:21:50,928 [INFO] PluginManager:220 - loadIPPluginJar : add adc
2025-06-27 16:21:50,930 [INFO] IPUIPlugin:80 - create IPUIPlugin
2025-06-27 16:21:50,931 [INFO] PluginManager:220 - loadIPPluginJar : add aes
2025-06-27 16:21:50,933 [INFO] IPUIPlugin:80 - create IPUIPlugin
2025-06-27 16:21:50,933 [INFO] PluginManager:220 - loadIPPluginJar : add can
2025-06-27 16:21:50,934 [INFO] IPUIPlugin:80 - create IPUIPlugin
2025-06-27 16:21:50,934 [INFO] PluginManager:220 - loadIPPluginJar : add comp
2025-06-27 16:21:50,936 [INFO] IPUIPlugin:80 - create IPUIPlugin
2025-06-27 16:21:50,936 [INFO] PluginManager:220 - loadIPPluginJar : add cryp
2025-06-27 16:21:50,938 [INFO] IPUIPlugin:80 - create IPUIPlugin
2025-06-27 16:21:50,938 [INFO] PluginManager:220 - loadIPPluginJar : add ddr_ctrl_phy
2025-06-27 16:21:50,940 [INFO] IPUIPlugin:80 - create IPUIPlugin
2025-06-27 16:21:50,940 [INFO] PluginManager:220 - loadIPPluginJar : add dfsdm
2025-06-27 16:21:50,943 [INFO] IPUIPlugin:80 - create IPUIPlugin
2025-06-27 16:21:50,944 [INFO] PluginManager:220 - loadIPPluginJar : add dma
2025-06-27 16:21:50,945 [INFO] IPUIPlugin:80 - create IPUIPlugin
2025-06-27 16:21:50,945 [INFO] PluginManager:220 - loadIPPluginJar : add dma3
2025-06-27 16:21:50,947 [INFO] IPUIPlugin:80 - create IPUIPlugin
2025-06-27 16:21:50,947 [INFO] PluginManager:220 - loadIPPluginJar : add extmemmanager
2025-06-27 16:21:50,949 [INFO] IPUIPlugin:80 - create IPUIPlugin
2025-06-27 16:21:50,949 [INFO] PluginManager:220 - loadIPPluginJar : add fatfs
2025-06-27 16:21:50,952 [INFO] IPUIPlugin:80 - create IPUIPlugin
2025-06-27 16:21:50,952 [INFO] PluginManager:220 - loadIPPluginJar : add fmc
2025-06-27 16:21:50,955 [INFO] IPUIPlugin:80 - create IPUIPlugin
2025-06-27 16:21:50,955 [INFO] PluginManager:220 - loadIPPluginJar : add freertos
2025-06-27 16:21:50,956 [INFO] IPUIPlugin:80 - create IPUIPlugin
2025-06-27 16:21:50,956 [INFO] PluginManager:220 - loadIPPluginJar : add genericplugin
2025-06-27 16:21:50,957 [INFO] IPUIPlugin:80 - create IPUIPlugin
2025-06-27 16:21:50,957 [INFO] PluginManager:220 - loadIPPluginJar : add gfxmmu
2025-06-27 16:21:50,960 [INFO] IPUIPlugin:80 - create IPUIPlugin
2025-06-27 16:21:50,960 [INFO] PluginManager:220 - loadIPPluginJar : add gic
2025-06-27 16:21:50,962 [INFO] IPUIPlugin:80 - create IPUIPlugin
2025-06-27 16:21:50,962 [INFO] PluginManager:220 - loadIPPluginJar : add gpio
2025-06-27 16:21:50,964 [INFO] IPUIPlugin:80 - create IPUIPlugin
2025-06-27 16:21:50,964 [INFO] PluginManager:220 - loadIPPluginJar : add gtzc
2025-06-27 16:21:50,965 [INFO] IPUIPlugin:80 - create IPUIPlugin
2025-06-27 16:21:50,965 [INFO] PluginManager:220 - loadIPPluginJar : add hash
2025-06-27 16:21:50,967 [INFO] IPUIPlugin:80 - create IPUIPlugin
2025-06-27 16:21:50,967 [INFO] PluginManager:220 - loadIPPluginJar : add i2c
2025-06-27 16:21:50,968 [INFO] IPUIPlugin:80 - create IPUIPlugin
2025-06-27 16:21:50,968 [INFO] PluginManager:220 - loadIPPluginJar : add i2s
2025-06-27 16:21:50,970 [INFO] IPUIPlugin:80 - create IPUIPlugin
2025-06-27 16:21:50,970 [INFO] PluginManager:220 - loadIPPluginJar : add i3c
2025-06-27 16:21:50,972 [INFO] IPUIPlugin:80 - create IPUIPlugin
2025-06-27 16:21:50,972 [INFO] PluginManager:220 - loadIPPluginJar : add ipddr
2025-06-27 16:21:50,976 [INFO] IPUIPlugin:80 - create IPUIPlugin
2025-06-27 16:21:50,976 [INFO] PluginManager:220 - loadIPPluginJar : add linkedlist
2025-06-27 16:21:50,979 [INFO] IPUIPlugin:80 - create IPUIPlugin
2025-06-27 16:21:50,979 [INFO] PluginManager:220 - loadIPPluginJar : add lorawan
2025-06-27 16:21:50,979 [INFO] IPUIPlugin:80 - create IPUIPlugin
2025-06-27 16:21:50,979 [INFO] PluginManager:220 - loadIPPluginJar : add ltdc
2025-06-27 16:21:50,982 [INFO] IPUIPlugin:80 - create IPUIPlugin
2025-06-27 16:21:50,983 [INFO] PluginManager:220 - loadIPPluginJar : add mdma
2025-06-27 16:21:50,984 [INFO] IPUIPlugin:80 - create IPUIPlugin
2025-06-27 16:21:50,985 [INFO] PluginManager:220 - loadIPPluginJar : add nvic
2025-06-27 16:21:50,987 [INFO] IPUIPlugin:80 - create IPUIPlugin
2025-06-27 16:21:50,987 [INFO] PluginManager:220 - loadIPPluginJar : add opamp
2025-06-27 16:21:50,989 [INFO] IPUIPlugin:80 - create IPUIPlugin
2025-06-27 16:21:50,989 [INFO] PluginManager:220 - loadIPPluginJar : add openamp
2025-06-27 16:21:50,991 [INFO] IPUIPlugin:80 - create IPUIPlugin
2025-06-27 16:21:50,991 [INFO] PluginManager:220 - loadIPPluginJar : add pdm2pcm
2025-06-27 16:21:50,994 [INFO] IPUIPlugin:80 - create IPUIPlugin
2025-06-27 16:21:50,996 [INFO] PluginManager:220 - loadIPPluginJar : add plateformsettings
2025-06-27 16:21:50,997 [INFO] IPUIPlugin:80 - create IPUIPlugin
2025-06-27 16:21:50,997 [INFO] PluginManager:220 - loadIPPluginJar : add quadspi
2025-06-27 16:21:50,999 [INFO] IPUIPlugin:80 - create IPUIPlugin
2025-06-27 16:21:50,999 [INFO] PluginManager:220 - loadIPPluginJar : add radio
2025-06-27 16:21:51,002 [INFO] IPUIPlugin:80 - create IPUIPlugin
2025-06-27 16:21:51,002 [INFO] PluginManager:220 - loadIPPluginJar : add resmgrutility
2025-06-27 16:21:51,006 [INFO] IPUIPlugin:80 - create IPUIPlugin
2025-06-27 16:21:51,006 [INFO] PluginManager:220 - loadIPPluginJar : add sai
2025-06-27 16:21:51,008 [INFO] IPUIPlugin:80 - create IPUIPlugin
2025-06-27 16:21:51,008 [INFO] PluginManager:220 - loadIPPluginJar : add spi
2025-06-27 16:21:51,014 [INFO] IPUIPlugin:80 - create IPUIPlugin
2025-06-27 16:21:51,014 [INFO] PluginManager:220 - loadIPPluginJar : add stm32_wpan
2025-06-27 16:21:51,017 [INFO] IPUIPlugin:80 - create IPUIPlugin
2025-06-27 16:21:51,017 [INFO] PluginManager:220 - loadIPPluginJar : add tim
2025-06-27 16:21:51,020 [INFO] IPUIPlugin:80 - create IPUIPlugin
2025-06-27 16:21:51,020 [INFO] PluginManager:220 - loadIPPluginJar : add touchsensing
2025-06-27 16:21:51,022 [INFO] IPUIPlugin:80 - create IPUIPlugin
2025-06-27 16:21:51,022 [INFO] PluginManager:220 - loadIPPluginJar : add tracer_emb
2025-06-27 16:21:51,024 [INFO] IPUIPlugin:80 - create IPUIPlugin
2025-06-27 16:21:51,024 [INFO] PluginManager:220 - loadIPPluginJar : add ts
2025-06-27 16:21:51,025 [INFO] IPUIPlugin:80 - create IPUIPlugin
2025-06-27 16:21:51,025 [INFO] PluginManager:220 - loadIPPluginJar : add tsc
2025-06-27 16:21:51,028 [INFO] IPUIPlugin:80 - create IPUIPlugin
2025-06-27 16:21:51,028 [INFO] PluginManager:220 - loadIPPluginJar : add ucpd
2025-06-27 16:21:51,030 [INFO] IPUIPlugin:80 - create IPUIPlugin
2025-06-27 16:21:51,030 [INFO] PluginManager:220 - loadIPPluginJar : add usart
2025-06-27 16:21:51,032 [INFO] IPUIPlugin:80 - create IPUIPlugin
2025-06-27 16:21:51,032 [INFO] PluginManager:220 - loadIPPluginJar : add usbx
2025-06-27 16:21:51,145 [FATAL] Updater:351 - Updater called before beeing initialized
2025-06-27 16:21:51,178 [INFO] RulesReader:64 - Compatibility file has been processed (302 Rules)
2025-06-27 16:21:51,196 [INFO] RulesReader:64 - Compatibility file has been processed (302 Rules)
2025-06-27 16:21:51,205 [INFO] CADModel:165 - CPN selected for project level
2025-06-27 16:21:51,205 [INFO] CADModel:114 - Register for checkConnection events
2025-06-27 16:21:51,205 [FATAL] Updater:351 - Updater called before beeing initialized
2025-06-27 16:21:51,205 [ERROR] CADModel:125 - Updater not yet initialized, retry later 
2025-06-27 16:21:51,306 [FATAL] Updater:351 - Updater called before beeing initialized
2025-06-27 16:21:51,307 [INFO] CADModel:165 - CPN selected for project level
2025-06-27 16:21:51,307 [INFO] CADModel:114 - Register for checkConnection events
2025-06-27 16:21:51,307 [FATAL] Updater:351 - Updater called before beeing initialized
2025-06-27 16:21:51,307 [ERROR] CADModel:125 - Updater not yet initialized, retry later 
2025-06-27 16:21:51,309 [FATAL] Updater:351 - Updater called before beeing initialized
2025-06-27 16:21:51,409 [FATAL] Updater:351 - Updater called before beeing initialized
2025-06-27 16:21:51,412 [INFO] DbMcusAds:53 - JSON generation date=Thu Jun 19 17:32:34 KST 2025 (1750321954415)
2025-06-27 16:21:51,413 [FATAL] Updater:351 - Updater called before beeing initialized
2025-06-27 16:21:51,439 [WARN] DetailPanel:346 - Failed to get advertising image, set to default
2025-06-27 16:21:51,633 [FATAL] Updater:351 - Updater called before beeing initialized
2025-06-27 16:21:51,635 [FATAL] Updater:351 - Updater called before beeing initialized
2025-06-27 16:21:51,636 [FATAL] Updater:351 - Updater called before beeing initialized
2025-06-27 16:21:51,636 [WARN] DetailPanel:346 - Failed to get advertising image, set to default
2025-06-27 16:21:51,637 [FATAL] Updater:351 - Updater called before beeing initialized
2025-06-27 16:21:51,679 [ERROR] Updater:1198 - MainUpdater not yet initialized. External WinMGr cannot be set.
2025-06-27 16:21:51,681 [INFO] Updater:1134 - Updater Version found : 6.14.1
2025-06-27 16:21:51,694 [INFO] ApplicationProperties:184 - Using Application install path: C:\ST\STM32CubeIDE_1.18.1\STM32CubeIDE\plugins\com.st.stm32cube.common.mx_6.14.1.202504091515
2025-06-27 16:21:53,263 [ERROR] LogOutputStream:75 - [STDERR_REDIRECT] Jun 27, 2025 4:21:53 PM java.util.prefs.WindowsPreferences <init>
2025-06-27 16:21:53,264 [ERROR] LogOutputStream:75 - [STDERR_REDIRECT] WARNING: Could not open/create prefs root node Software\JavaSoft\Prefs at root 0xffffffff80000002. Windows RegCreateKeyEx(...) returned error code 5.
2025-06-27 16:21:53,264 [ERROR] LogOutputStream:75 - [STDERR_REDIRECT] 
2025-06-27 16:21:53,548 [INFO] ThirdPartyUpdaterWithRetryManager:70 - Updater plugin not ready yet. [2/15]
2025-06-27 16:21:53,679 [INFO] MainUpdater:2872 - connection check result : 10
2025-06-27 16:21:53,680 [INFO] MainUpdater:289 - Updater Check For Update Now.
2025-06-27 16:21:53,680 [INFO] MicroXplorer:498 - Change Database Version : DB.6.0.141
2025-06-27 16:21:53,700 [INFO] McuFinderGlobals:63 - Set McuFinder mode to 2 (CubeIDE integrated)
2025-06-27 16:21:53,701 [INFO] UserAuth:484 - Internet connection configuration mode: 1
2025-06-27 16:21:53,736 [INFO] JxBrowserEngine:152 - Initiate JxBrowser Engine with user profile folder
2025-06-27 16:21:53,844 [INFO] CheckServerUpdateThread:120 - End of CheckServer Thread
2025-06-27 16:21:54,180 [INFO] WebApp:169 - Instantiating new browser for Auth
2025-06-27 16:21:54,746 [INFO] WebApp:463 - Apply proxy settings
2025-06-27 16:21:54,748 [INFO] WebApp:548 - Chromium requires no authentication
2025-06-27 16:21:54,773 [INFO] WebApp:491 - Direct internet connection detected
2025-06-27 16:21:54,875 [INFO] WebApp:894 - Register for checkConnection events
2025-06-27 16:21:54,875 [INFO] WebApp:463 - Apply proxy settings
2025-06-27 16:21:54,875 [INFO] WebApp:548 - Chromium requires no authentication
2025-06-27 16:21:54,876 [INFO] WebApp:491 - Direct internet connection detected
2025-06-27 16:21:55,093 [INFO] WebApp:191 - Connection restablished
2025-06-27 16:21:55,343 [INFO] WebApp:225 - Starting web application
2025-06-27 16:21:55,343 [INFO] WebApp:593 - Web application path used C:\ST\STM32CubeIDE_1.18.1\STM32CubeIDE\plugins\com.st.stm32cube.common.mx_6.14.1.202504091515\db\plugins\mcufinder\reactClient1\index.html
2025-06-27 16:21:55,429 [INFO] UserAuth:484 - Internet connection configuration mode: 1
2025-06-27 16:21:55,498 [ERROR] LogOutputStream:75 - [STDERR_REDIRECT] 
