11:10:43 **** Build of configuration Debug for project 0624_time_stop_watch_Proc_Structre ****
make -j16 all 
arm-none-eabi-gcc "../Drivers/STM32F4xx_HAL_Driver/Src/stm32f4xx_hal.c" -mcpu=cortex-m4 -std=gnu11 -g3 -DDEBUG -DUSE_HAL_DRIVER -DSTM32F411xE -c -I../Drivers/STM32F4xx_HAL_Driver/Inc -I../Drivers/STM32F4xx_HAL_Driver/Inc/Legacy -I../Drivers/CMSIS/Device/ST/STM32F4xx/Include -I../Drivers/CMSIS/Include -I"C:/Users/kccistc/Documents/GitHub/Harman_STM32/workspace/stm32_workspace/0624_time_stop_watch_Proc_Structre/Core/driver/LedBar" -I"C:/Users/kccistc/Documents/GitHub/Harman_STM32/workspace/stm32_workspace/0624_time_stop_watch_Proc_Structre/Core/driver/FND" -I"C:/Users/kccistc/Documents/GitHub/Harman_STM32/workspace/stm32_workspace/0624_time_stop_watch_Proc_Structre/Core/driver/Button" -I"C:/Users/kccistc/Documents/GitHub/Harman_STM32/workspace/stm32_workspace/0624_time_stop_watch_Proc_Structre/Core/ap" -I"C:/Users/kccistc/Documents/GitHub/Harman_STM32/workspace/stm32_workspace/0624_time_stop_watch_Proc_Structre/Core/Src" -I"C:/Users/kccistc/Documents/GitHub/Harman_STM32/workspace/stm32_workspace/0624_time_stop_watch_Proc_Structre/Core/ap/Inc" -I"C:/Users/kccistc/Documents/GitHub/Harman_STM32/workspace/stm32_workspace/0624_time_stop_watch_Proc_Structre/Core/ap/Src" -O0 -ffunction-sections -fdata-sections -Wall -fstack-usage -fcyclomatic-complexity -MMD -MP -MF"Drivers/STM32F4xx_HAL_Driver/Src/stm32f4xx_hal.d" -MT"Drivers/STM32F4xx_HAL_Driver/Src/stm32f4xx_hal.o" --specs=nano.specs -mfpu=fpv4-sp-d16 -mfloat-abi=hard -mthumb -o "Drivers/STM32F4xx_HAL_Driver/Src/stm32f4xx_hal.o"
arm-none-eabi-gcc "../Drivers/STM32F4xx_HAL_Driver/Src/stm32f4xx_hal_cortex.c" -mcpu=cortex-m4 -std=gnu11 -g3 -DDEBUG -DUSE_HAL_DRIVER -DSTM32F411xE -c -I../Drivers/STM32F4xx_HAL_Driver/Inc -I../Drivers/STM32F4xx_HAL_Driver/Inc/Legacy -I../Drivers/CMSIS/Device/ST/STM32F4xx/Include -I../Drivers/CMSIS/Include -I"C:/Users/kccistc/Documents/GitHub/Harman_STM32/workspace/stm32_workspace/0624_time_stop_watch_Proc_Structre/Core/driver/LedBar" -I"C:/Users/kccistc/Documents/GitHub/Harman_STM32/workspace/stm32_workspace/0624_time_stop_watch_Proc_Structre/Core/driver/FND" -I"C:/Users/kccistc/Documents/GitHub/Harman_STM32/workspace/stm32_workspace/0624_time_stop_watch_Proc_Structre/Core/driver/Button" -I"C:/Users/kccistc/Documents/GitHub/Harman_STM32/workspace/stm32_workspace/0624_time_stop_watch_Proc_Structre/Core/ap" -I"C:/Users/kccistc/Documents/GitHub/Harman_STM32/workspace/stm32_workspace/0624_time_stop_watch_Proc_Structre/Core/Src" -I"C:/Users/kccistc/Documents/GitHub/Harman_STM32/workspace/stm32_workspace/0624_time_stop_watch_Proc_Structre/Core/ap/Inc" -I"C:/Users/kccistc/Documents/GitHub/Harman_STM32/workspace/stm32_workspace/0624_time_stop_watch_Proc_Structre/Core/ap/Src" -O0 -ffunction-sections -fdata-sections -Wall -fstack-usage -fcyclomatic-complexity -MMD -MP -MF"Drivers/STM32F4xx_HAL_Driver/Src/stm32f4xx_hal_cortex.d" -MT"Drivers/STM32F4xx_HAL_Driver/Src/stm32f4xx_hal_cortex.o" --specs=nano.specs -mfpu=fpv4-sp-d16 -mfloat-abi=hard -mthumb -o "Drivers/STM32F4xx_HAL_Driver/Src/stm32f4xx_hal_cortex.o"
arm-none-eabi-gcc "../Drivers/STM32F4xx_HAL_Driver/Src/stm32f4xx_hal_dma.c" -mcpu=cortex-m4 -std=gnu11 -g3 -DDEBUG -DUSE_HAL_DRIVER -DSTM32F411xE -c -I../Drivers/STM32F4xx_HAL_Driver/Inc -I../Drivers/STM32F4xx_HAL_Driver/Inc/Legacy -I../Drivers/CMSIS/Device/ST/STM32F4xx/Include -I../Drivers/CMSIS/Include -I"C:/Users/kccistc/Documents/GitHub/Harman_STM32/workspace/stm32_workspace/0624_time_stop_watch_Proc_Structre/Core/driver/LedBar" -I"C:/Users/kccistc/Documents/GitHub/Harman_STM32/workspace/stm32_workspace/0624_time_stop_watch_Proc_Structre/Core/driver/FND" -I"C:/Users/kccistc/Documents/GitHub/Harman_STM32/workspace/stm32_workspace/0624_time_stop_watch_Proc_Structre/Core/driver/Button" -I"C:/Users/kccistc/Documents/GitHub/Harman_STM32/workspace/stm32_workspace/0624_time_stop_watch_Proc_Structre/Core/ap" -I"C:/Users/kccistc/Documents/GitHub/Harman_STM32/workspace/stm32_workspace/0624_time_stop_watch_Proc_Structre/Core/Src" -I"C:/Users/kccistc/Documents/GitHub/Harman_STM32/workspace/stm32_workspace/0624_time_stop_watch_Proc_Structre/Core/ap/Inc" -I"C:/Users/kccistc/Documents/GitHub/Harman_STM32/workspace/stm32_workspace/0624_time_stop_watch_Proc_Structre/Core/ap/Src" -O0 -ffunction-sections -fdata-sections -Wall -fstack-usage -fcyclomatic-complexity -MMD -MP -MF"Drivers/STM32F4xx_HAL_Driver/Src/stm32f4xx_hal_dma.d" -MT"Drivers/STM32F4xx_HAL_Driver/Src/stm32f4xx_hal_dma.o" --specs=nano.specs -mfpu=fpv4-sp-d16 -mfloat-abi=hard -mthumb -o "Drivers/STM32F4xx_HAL_Driver/Src/stm32f4xx_hal_dma.o"
arm-none-eabi-gcc "../Drivers/STM32F4xx_HAL_Driver/Src/stm32f4xx_hal_dma_ex.c" -mcpu=cortex-m4 -std=gnu11 -g3 -DDEBUG -DUSE_HAL_DRIVER -DSTM32F411xE -c -I../Drivers/STM32F4xx_HAL_Driver/Inc -I../Drivers/STM32F4xx_HAL_Driver/Inc/Legacy -I../Drivers/CMSIS/Device/ST/STM32F4xx/Include -I../Drivers/CMSIS/Include -I"C:/Users/kccistc/Documents/GitHub/Harman_STM32/workspace/stm32_workspace/0624_time_stop_watch_Proc_Structre/Core/driver/LedBar" -I"C:/Users/kccistc/Documents/GitHub/Harman_STM32/workspace/stm32_workspace/0624_time_stop_watch_Proc_Structre/Core/driver/FND" -I"C:/Users/kccistc/Documents/GitHub/Harman_STM32/workspace/stm32_workspace/0624_time_stop_watch_Proc_Structre/Core/driver/Button" -I"C:/Users/kccistc/Documents/GitHub/Harman_STM32/workspace/stm32_workspace/0624_time_stop_watch_Proc_Structre/Core/ap" -I"C:/Users/kccistc/Documents/GitHub/Harman_STM32/workspace/stm32_workspace/0624_time_stop_watch_Proc_Structre/Core/Src" -I"C:/Users/kccistc/Documents/GitHub/Harman_STM32/workspace/stm32_workspace/0624_time_stop_watch_Proc_Structre/Core/ap/Inc" -I"C:/Users/kccistc/Documents/GitHub/Harman_STM32/workspace/stm32_workspace/0624_time_stop_watch_Proc_Structre/Core/ap/Src" -O0 -ffunction-sections -fdata-sections -Wall -fstack-usage -fcyclomatic-complexity -MMD -MP -MF"Drivers/STM32F4xx_HAL_Driver/Src/stm32f4xx_hal_dma_ex.d" -MT"Drivers/STM32F4xx_HAL_Driver/Src/stm32f4xx_hal_dma_ex.o" --specs=nano.specs -mfpu=fpv4-sp-d16 -mfloat-abi=hard -mthumb -o "Drivers/STM32F4xx_HAL_Driver/Src/stm32f4xx_hal_dma_ex.o"
arm-none-eabi-gcc "../Drivers/STM32F4xx_HAL_Driver/Src/stm32f4xx_hal_exti.c" -mcpu=cortex-m4 -std=gnu11 -g3 -DDEBUG -DUSE_HAL_DRIVER -DSTM32F411xE -c -I../Drivers/STM32F4xx_HAL_Driver/Inc -I../Drivers/STM32F4xx_HAL_Driver/Inc/Legacy -I../Drivers/CMSIS/Device/ST/STM32F4xx/Include -I../Drivers/CMSIS/Include -I"C:/Users/kccistc/Documents/GitHub/Harman_STM32/workspace/stm32_workspace/0624_time_stop_watch_Proc_Structre/Core/driver/LedBar" -I"C:/Users/kccistc/Documents/GitHub/Harman_STM32/workspace/stm32_workspace/0624_time_stop_watch_Proc_Structre/Core/driver/FND" -I"C:/Users/kccistc/Documents/GitHub/Harman_STM32/workspace/stm32_workspace/0624_time_stop_watch_Proc_Structre/Core/driver/Button" -I"C:/Users/kccistc/Documents/GitHub/Harman_STM32/workspace/stm32_workspace/0624_time_stop_watch_Proc_Structre/Core/ap" -I"C:/Users/kccistc/Documents/GitHub/Harman_STM32/workspace/stm32_workspace/0624_time_stop_watch_Proc_Structre/Core/Src" -I"C:/Users/kccistc/Documents/GitHub/Harman_STM32/workspace/stm32_workspace/0624_time_stop_watch_Proc_Structre/Core/ap/Inc" -I"C:/Users/kccistc/Documents/GitHub/Harman_STM32/workspace/stm32_workspace/0624_time_stop_watch_Proc_Structre/Core/ap/Src" -O0 -ffunction-sections -fdata-sections -Wall -fstack-usage -fcyclomatic-complexity -MMD -MP -MF"Drivers/STM32F4xx_HAL_Driver/Src/stm32f4xx_hal_exti.d" -MT"Drivers/STM32F4xx_HAL_Driver/Src/stm32f4xx_hal_exti.o" --specs=nano.specs -mfpu=fpv4-sp-d16 -mfloat-abi=hard -mthumb -o "Drivers/STM32F4xx_HAL_Driver/Src/stm32f4xx_hal_exti.o"
arm-none-eabi-gcc "../Drivers/STM32F4xx_HAL_Driver/Src/stm32f4xx_hal_flash.c" -mcpu=cortex-m4 -std=gnu11 -g3 -DDEBUG -DUSE_HAL_DRIVER -DSTM32F411xE -c -I../Drivers/STM32F4xx_HAL_Driver/Inc -I../Drivers/STM32F4xx_HAL_Driver/Inc/Legacy -I../Drivers/CMSIS/Device/ST/STM32F4xx/Include -I../Drivers/CMSIS/Include -I"C:/Users/kccistc/Documents/GitHub/Harman_STM32/workspace/stm32_workspace/0624_time_stop_watch_Proc_Structre/Core/driver/LedBar" -I"C:/Users/kccistc/Documents/GitHub/Harman_STM32/workspace/stm32_workspace/0624_time_stop_watch_Proc_Structre/Core/driver/FND" -I"C:/Users/kccistc/Documents/GitHub/Harman_STM32/workspace/stm32_workspace/0624_time_stop_watch_Proc_Structre/Core/driver/Button" -I"C:/Users/kccistc/Documents/GitHub/Harman_STM32/workspace/stm32_workspace/0624_time_stop_watch_Proc_Structre/Core/ap" -I"C:/Users/kccistc/Documents/GitHub/Harman_STM32/workspace/stm32_workspace/0624_time_stop_watch_Proc_Structre/Core/Src" -I"C:/Users/kccistc/Documents/GitHub/Harman_STM32/workspace/stm32_workspace/0624_time_stop_watch_Proc_Structre/Core/ap/Inc" -I"C:/Users/kccistc/Documents/GitHub/Harman_STM32/workspace/stm32_workspace/0624_time_stop_watch_Proc_Structre/Core/ap/Src" -O0 -ffunction-sections -fdata-sections -Wall -fstack-usage -fcyclomatic-complexity -MMD -MP -MF"Drivers/STM32F4xx_HAL_Driver/Src/stm32f4xx_hal_flash.d" -MT"Drivers/STM32F4xx_HAL_Driver/Src/stm32f4xx_hal_flash.o" --specs=nano.specs -mfpu=fpv4-sp-d16 -mfloat-abi=hard -mthumb -o "Drivers/STM32F4xx_HAL_Driver/Src/stm32f4xx_hal_flash.o"
arm-none-eabi-gcc "../Drivers/STM32F4xx_HAL_Driver/Src/stm32f4xx_hal_flash_ex.c" -mcpu=cortex-m4 -std=gnu11 -g3 -DDEBUG -DUSE_HAL_DRIVER -DSTM32F411xE -c -I../Drivers/STM32F4xx_HAL_Driver/Inc -I../Drivers/STM32F4xx_HAL_Driver/Inc/Legacy -I../Drivers/CMSIS/Device/ST/STM32F4xx/Include -I../Drivers/CMSIS/Include -I"C:/Users/kccistc/Documents/GitHub/Harman_STM32/workspace/stm32_workspace/0624_time_stop_watch_Proc_Structre/Core/driver/LedBar" -I"C:/Users/kccistc/Documents/GitHub/Harman_STM32/workspace/stm32_workspace/0624_time_stop_watch_Proc_Structre/Core/driver/FND" -I"C:/Users/kccistc/Documents/GitHub/Harman_STM32/workspace/stm32_workspace/0624_time_stop_watch_Proc_Structre/Core/driver/Button" -I"C:/Users/kccistc/Documents/GitHub/Harman_STM32/workspace/stm32_workspace/0624_time_stop_watch_Proc_Structre/Core/ap" -I"C:/Users/kccistc/Documents/GitHub/Harman_STM32/workspace/stm32_workspace/0624_time_stop_watch_Proc_Structre/Core/Src" -I"C:/Users/kccistc/Documents/GitHub/Harman_STM32/workspace/stm32_workspace/0624_time_stop_watch_Proc_Structre/Core/ap/Inc" -I"C:/Users/kccistc/Documents/GitHub/Harman_STM32/workspace/stm32_workspace/0624_time_stop_watch_Proc_Structre/Core/ap/Src" -O0 -ffunction-sections -fdata-sections -Wall -fstack-usage -fcyclomatic-complexity -MMD -MP -MF"Drivers/STM32F4xx_HAL_Driver/Src/stm32f4xx_hal_flash_ex.d" -MT"Drivers/STM32F4xx_HAL_Driver/Src/stm32f4xx_hal_flash_ex.o" --specs=nano.specs -mfpu=fpv4-sp-d16 -mfloat-abi=hard -mthumb -o "Drivers/STM32F4xx_HAL_Driver/Src/stm32f4xx_hal_flash_ex.o"
arm-none-eabi-gcc "../Drivers/STM32F4xx_HAL_Driver/Src/stm32f4xx_hal_flash_ramfunc.c" -mcpu=cortex-m4 -std=gnu11 -g3 -DDEBUG -DUSE_HAL_DRIVER -DSTM32F411xE -c -I../Drivers/STM32F4xx_HAL_Driver/Inc -I../Drivers/STM32F4xx_HAL_Driver/Inc/Legacy -I../Drivers/CMSIS/Device/ST/STM32F4xx/Include -I../Drivers/CMSIS/Include -I"C:/Users/kccistc/Documents/GitHub/Harman_STM32/workspace/stm32_workspace/0624_time_stop_watch_Proc_Structre/Core/driver/LedBar" -I"C:/Users/kccistc/Documents/GitHub/Harman_STM32/workspace/stm32_workspace/0624_time_stop_watch_Proc_Structre/Core/driver/FND" -I"C:/Users/kccistc/Documents/GitHub/Harman_STM32/workspace/stm32_workspace/0624_time_stop_watch_Proc_Structre/Core/driver/Button" -I"C:/Users/kccistc/Documents/GitHub/Harman_STM32/workspace/stm32_workspace/0624_time_stop_watch_Proc_Structre/Core/ap" -I"C:/Users/kccistc/Documents/GitHub/Harman_STM32/workspace/stm32_workspace/0624_time_stop_watch_Proc_Structre/Core/Src" -I"C:/Users/kccistc/Documents/GitHub/Harman_STM32/workspace/stm32_workspace/0624_time_stop_watch_Proc_Structre/Core/ap/Inc" -I"C:/Users/kccistc/Documents/GitHub/Harman_STM32/workspace/stm32_workspace/0624_time_stop_watch_Proc_Structre/Core/ap/Src" -O0 -ffunction-sections -fdata-sections -Wall -fstack-usage -fcyclomatic-complexity -MMD -MP -MF"Drivers/STM32F4xx_HAL_Driver/Src/stm32f4xx_hal_flash_ramfunc.d" -MT"Drivers/STM32F4xx_HAL_Driver/Src/stm32f4xx_hal_flash_ramfunc.o" --specs=nano.specs -mfpu=fpv4-sp-d16 -mfloat-abi=hard -mthumb -o "Drivers/STM32F4xx_HAL_Driver/Src/stm32f4xx_hal_flash_ramfunc.o"
arm-none-eabi-gcc "../Drivers/STM32F4xx_HAL_Driver/Src/stm32f4xx_hal_gpio.c" -mcpu=cortex-m4 -std=gnu11 -g3 -DDEBUG -DUSE_HAL_DRIVER -DSTM32F411xE -c -I../Drivers/STM32F4xx_HAL_Driver/Inc -I../Drivers/STM32F4xx_HAL_Driver/Inc/Legacy -I../Drivers/CMSIS/Device/ST/STM32F4xx/Include -I../Drivers/CMSIS/Include -I"C:/Users/kccistc/Documents/GitHub/Harman_STM32/workspace/stm32_workspace/0624_time_stop_watch_Proc_Structre/Core/driver/LedBar" -I"C:/Users/kccistc/Documents/GitHub/Harman_STM32/workspace/stm32_workspace/0624_time_stop_watch_Proc_Structre/Core/driver/FND" -I"C:/Users/kccistc/Documents/GitHub/Harman_STM32/workspace/stm32_workspace/0624_time_stop_watch_Proc_Structre/Core/driver/Button" -I"C:/Users/kccistc/Documents/GitHub/Harman_STM32/workspace/stm32_workspace/0624_time_stop_watch_Proc_Structre/Core/ap" -I"C:/Users/kccistc/Documents/GitHub/Harman_STM32/workspace/stm32_workspace/0624_time_stop_watch_Proc_Structre/Core/Src" -I"C:/Users/kccistc/Documents/GitHub/Harman_STM32/workspace/stm32_workspace/0624_time_stop_watch_Proc_Structre/Core/ap/Inc" -I"C:/Users/kccistc/Documents/GitHub/Harman_STM32/workspace/stm32_workspace/0624_time_stop_watch_Proc_Structre/Core/ap/Src" -O0 -ffunction-sections -fdata-sections -Wall -fstack-usage -fcyclomatic-complexity -MMD -MP -MF"Drivers/STM32F4xx_HAL_Driver/Src/stm32f4xx_hal_gpio.d" -MT"Drivers/STM32F4xx_HAL_Driver/Src/stm32f4xx_hal_gpio.o" --specs=nano.specs -mfpu=fpv4-sp-d16 -mfloat-abi=hard -mthumb -o "Drivers/STM32F4xx_HAL_Driver/Src/stm32f4xx_hal_gpio.o"
arm-none-eabi-gcc "../Drivers/STM32F4xx_HAL_Driver/Src/stm32f4xx_hal_pwr.c" -mcpu=cortex-m4 -std=gnu11 -g3 -DDEBUG -DUSE_HAL_DRIVER -DSTM32F411xE -c -I../Drivers/STM32F4xx_HAL_Driver/Inc -I../Drivers/STM32F4xx_HAL_Driver/Inc/Legacy -I../Drivers/CMSIS/Device/ST/STM32F4xx/Include -I../Drivers/CMSIS/Include -I"C:/Users/kccistc/Documents/GitHub/Harman_STM32/workspace/stm32_workspace/0624_time_stop_watch_Proc_Structre/Core/driver/LedBar" -I"C:/Users/kccistc/Documents/GitHub/Harman_STM32/workspace/stm32_workspace/0624_time_stop_watch_Proc_Structre/Core/driver/FND" -I"C:/Users/kccistc/Documents/GitHub/Harman_STM32/workspace/stm32_workspace/0624_time_stop_watch_Proc_Structre/Core/driver/Button" -I"C:/Users/kccistc/Documents/GitHub/Harman_STM32/workspace/stm32_workspace/0624_time_stop_watch_Proc_Structre/Core/ap" -I"C:/Users/kccistc/Documents/GitHub/Harman_STM32/workspace/stm32_workspace/0624_time_stop_watch_Proc_Structre/Core/Src" -I"C:/Users/kccistc/Documents/GitHub/Harman_STM32/workspace/stm32_workspace/0624_time_stop_watch_Proc_Structre/Core/ap/Inc" -I"C:/Users/kccistc/Documents/GitHub/Harman_STM32/workspace/stm32_workspace/0624_time_stop_watch_Proc_Structre/Core/ap/Src" -O0 -ffunction-sections -fdata-sections -Wall -fstack-usage -fcyclomatic-complexity -MMD -MP -MF"Drivers/STM32F4xx_HAL_Driver/Src/stm32f4xx_hal_pwr.d" -MT"Drivers/STM32F4xx_HAL_Driver/Src/stm32f4xx_hal_pwr.o" --specs=nano.specs -mfpu=fpv4-sp-d16 -mfloat-abi=hard -mthumb -o "Drivers/STM32F4xx_HAL_Driver/Src/stm32f4xx_hal_pwr.o"
In file included from ../Drivers/STM32F4xx_HAL_Driver/Src/stm32f4xx_hal.c:36:
../Drivers/STM32F4xx_HAL_Driver/Inc/stm32f4xx_hal.h:29:10: fatal error: stm32f4xx_hal_conf.h: No such file or directory
   29 | #include "stm32f4xx_hal_conf.h"
arm-none-eabi-gcc "../Drivers/STM32F4xx_HAL_Driver/Src/stm32f4xx_hal_pwr_ex.c" -mcpu=cortex-m4 -std=gnu11 -g3 -DDEBUG -DUSE_HAL_DRIVER -DSTM32F411xE -c -I../Drivers/STM32F4xx_HAL_Driver/Inc -I../Drivers/STM32F4xx_HAL_Driver/Inc/Legacy -I../Drivers/CMSIS/Device/ST/STM32F4xx/Include -I../Drivers/CMSIS/Include -I"C:/Users/kccistc/Documents/GitHub/Harman_STM32/workspace/stm32_workspace/0624_time_stop_watch_Proc_Structre/Core/driver/LedBar" -I"C:/Users/kccistc/Documents/GitHub/Harman_STM32/workspace/stm32_workspace/0624_time_stop_watch_Proc_Structre/Core/driver/FND" -I"C:/Users/kccistc/Documents/GitHub/Harman_STM32/workspace/stm32_workspace/0624_time_stop_watch_Proc_Structre/Core/driver/Button" -I"C:/Users/kccistc/Documents/GitHub/Harman_STM32/workspace/stm32_workspace/0624_time_stop_watch_Proc_Structre/Core/ap" -I"C:/Users/kccistc/Documents/GitHub/Harman_STM32/workspace/stm32_workspace/0624_time_stop_watch_Proc_Structre/Core/Src" -I"C:/Users/kccistc/Documents/GitHub/Harman_STM32/workspace/stm32_workspace/0624_time_stop_watch_Proc_Structre/Core/ap/Inc" -I"C:/Users/kccistc/Documents/GitHub/Harman_STM32/workspace/stm32_workspace/0624_time_stop_watch_Proc_Structre/Core/ap/Src" -O0 -ffunction-sections -fdata-sections -Wall -fstack-usage -fcyclomatic-complexity -MMD -MP -MF"Drivers/STM32F4xx_HAL_Driver/Src/stm32f4xx_hal_pwr_ex.d" -MT"Drivers/STM32F4xx_HAL_Driver/Src/stm32f4xx_hal_pwr_ex.o" --specs=nano.specs -mfpu=fpv4-sp-d16 -mfloat-abi=hard -mthumb -o "Drivers/STM32F4xx_HAL_Driver/Src/stm32f4xx_hal_pwr_ex.o"
      |          ^~~~~~~~~~~~~~~~~~~~~~
In file included from ../Drivers/STM32F4xx_HAL_Driver/Src/stm32f4xx_hal_cortex.c:81:
../Drivers/STM32F4xx_HAL_Driver/Inc/stm32f4xx_hal.h:29:10: fatal error: stm32f4xx_hal_conf.h: No such file or directory
   29 | #include "stm32f4xx_hal_conf.h"
      |          ^~~~~~~~~~~~~~~~~~~~~~
compilation terminated.
compilation terminated.
In file included from ../Drivers/STM32F4xx_HAL_Driver/Src/stm32f4xx_hal_dma.c:97:
../Drivers/STM32F4xx_HAL_Driver/Inc/stm32f4xx_hal.h:29:10: fatal error: stm32f4xx_hal_conf.h: No such file or directory
   29 | #include "stm32f4xx_hal_conf.h"
      |          ^~~~~~~~~~~~~~~~~~~~~~
compilation terminated.
arm-none-eabi-gcc "../Drivers/STM32F4xx_HAL_Driver/Src/stm32f4xx_hal_rcc.c" -mcpu=cortex-m4 -std=gnu11 -g3 -DDEBUG -DUSE_HAL_DRIVER -DSTM32F411xE -c -I../Drivers/STM32F4xx_HAL_Driver/Inc -I../Drivers/STM32F4xx_HAL_Driver/Inc/Legacy -I../Drivers/CMSIS/Device/ST/STM32F4xx/Include -I../Drivers/CMSIS/Include -I"C:/Users/kccistc/Documents/GitHub/Harman_STM32/workspace/stm32_workspace/0624_time_stop_watch_Proc_Structre/Core/driver/LedBar" -I"C:/Users/kccistc/Documents/GitHub/Harman_STM32/workspace/stm32_workspace/0624_time_stop_watch_Proc_Structre/Core/driver/FND" -I"C:/Users/kccistc/Documents/GitHub/Harman_STM32/workspace/stm32_workspace/0624_time_stop_watch_Proc_Structre/Core/driver/Button" -I"C:/Users/kccistc/Documents/GitHub/Harman_STM32/workspace/stm32_workspace/0624_time_stop_watch_Proc_Structre/Core/ap" -I"C:/Users/kccistc/Documents/GitHub/Harman_STM32/workspace/stm32_workspace/0624_time_stop_watch_Proc_Structre/Core/Src" -I"C:/Users/kccistc/Documents/GitHub/Harman_STM32/workspace/stm32_workspace/0624_time_stop_watch_Proc_Structre/Core/ap/Inc" -I"C:/Users/kccistc/Documents/GitHub/Harman_STM32/workspace/stm32_workspace/0624_time_stop_watch_Proc_Structre/Core/ap/Src" -O0 -ffunction-sections -fdata-sections -Wall -fstack-usage -fcyclomatic-complexity -MMD -MP -MF"Drivers/STM32F4xx_HAL_Driver/Src/stm32f4xx_hal_rcc.d" -MT"Drivers/STM32F4xx_HAL_Driver/Src/stm32f4xx_hal_rcc.o" --specs=nano.specs -mfpu=fpv4-sp-d16 -mfloat-abi=hard -mthumb -o "Drivers/STM32F4xx_HAL_Driver/Src/stm32f4xx_hal_rcc.o"
In file included from ../Drivers/STM32F4xx_HAL_Driver/Src/stm32f4xx_hal_dma_ex.c:39:
../Drivers/STM32F4xx_HAL_Driver/Inc/stm32f4xx_hal.h:29:10: fatal error: stm32f4xx_hal_conf.h: No such file or directory
   29 | #include "stm32f4xx_hal_conf.h"
      |          ^~~~~~~~~~~~~~~~~~~~~~
compilation terminated.
make: *** [Drivers/STM32F4xx_HAL_Driver/Src/subdir.mk:64: Drivers/STM32F4xx_HAL_Driver/Src/stm32f4xx_hal.o] Error 1
make: *** Waiting for unfinished jobs....
make: *** [Drivers/STM32F4xx_HAL_Driver/Src/subdir.mk:64: Drivers/STM32F4xx_HAL_Driver/Src/stm32f4xx_hal_cortex.o] Error 1
make: *** [Drivers/STM32F4xx_HAL_Driver/Src/subdir.mk:64: Drivers/STM32F4xx_HAL_Driver/Src/stm32f4xx_hal_dma.o] Error 1
make: *** [Drivers/STM32F4xx_HAL_Driver/Src/subdir.mk:64: Drivers/STM32F4xx_HAL_Driver/Src/stm32f4xx_hal_dma_ex.o] Error 1
In file included from ../Drivers/STM32F4xx_HAL_Driver/Src/stm32f4xx_hal_exti.c:86:
../Drivers/STM32F4xx_HAL_Driver/Inc/stm32f4xx_hal.h:29:10: fatal error: stm32f4xx_hal_conf.h: No such file or directory
   29 | #include "stm32f4xx_hal_conf.h"
      |          ^~~~~~~~~~~~~~~~~~~~~~
compilation terminated.
In file included from ../Drivers/STM32F4xx_HAL_Driver/Src/stm32f4xx_hal_flash.c:76:
../Drivers/STM32F4xx_HAL_Driver/Inc/stm32f4xx_hal.h:29:10: fatal error: stm32f4xx_hal_conf.h: No such file or directory
   29 | #include "stm32f4xx_hal_conf.h"
      |          ^~~~~~~~~~~~~~~~~~~~~~
compilation terminated.
make: *** [Drivers/STM32F4xx_HAL_Driver/Src/subdir.mk:64: Drivers/STM32F4xx_HAL_Driver/Src/stm32f4xx_hal_exti.o] Error 1
In file included from ../Drivers/STM32F4xx_HAL_Driver/Src/stm32f4xx_hal_flash_ex.c:62:
../Drivers/STM32F4xx_HAL_Driver/Inc/stm32f4xx_hal.h:29:10: fatal error: stm32f4xx_hal_conf.h: No such file or directory
   29 | #include "stm32f4xx_hal_conf.h"
      |          ^~~~~~~~~~~~~~~~~~~~~~
compilation terminated.
make: *** [Drivers/STM32F4xx_HAL_Driver/Src/subdir.mk:64: Drivers/STM32F4xx_HAL_Driver/Src/stm32f4xx_hal_flash.o] Error 1
In file included from ../Drivers/STM32F4xx_HAL_Driver/Src/stm32f4xx_hal_flash_ramfunc.c:47:
../Drivers/STM32F4xx_HAL_Driver/Inc/stm32f4xx_hal.h:29:10: fatal error: stm32f4xx_hal_conf.h: No such file or directory
   29 | #include "stm32f4xx_hal_conf.h"
      |          ^~~~~~~~~~~~~~~~~~~~~~
compilation terminated.
make: *** [Drivers/STM32F4xx_HAL_Driver/Src/subdir.mk:64: Drivers/STM32F4xx_HAL_Driver/Src/stm32f4xx_hal_flash_ex.o] Error 1
In file included from ../Drivers/STM32F4xx_HAL_Driver/Src/stm32f4xx_hal_gpio.c:108:
../Drivers/STM32F4xx_HAL_Driver/Inc/stm32f4xx_hal.h:29:10: fatal error: stm32f4xx_hal_conf.h: No such file or directory
   29 | #include "stm32f4xx_hal_conf.h"
      |          ^~~~~~~~~~~~~~~~~~~~~~
compilation terminated.
In file included from ../Drivers/STM32F4xx_HAL_Driver/Src/stm32f4xx_hal_pwr.c:24:
../Drivers/STM32F4xx_HAL_Driver/Inc/stm32f4xx_hal.h:29:10: fatal error: stm32f4xx_hal_conf.h: No such file or directory
   29 | #include "stm32f4xx_hal_conf.h"
      |          ^~~~~~~~~~~~~~~~~~~~~~
compilation terminated.
make: *** [Drivers/STM32F4xx_HAL_Driver/Src/subdir.mk:64: Drivers/STM32F4xx_HAL_Driver/Src/stm32f4xx_hal_flash_ramfunc.o] Error 1
make: *** [Drivers/STM32F4xx_HAL_Driver/Src/subdir.mk:64: Drivers/STM32F4xx_HAL_Driver/Src/stm32f4xx_hal_gpio.o] Error 1
In file included from ../Drivers/STM32F4xx_HAL_Driver/Src/stm32f4xx_hal_pwr_ex.c:23:
../Drivers/STM32F4xx_HAL_Driver/Inc/stm32f4xx_hal.h:29:10: fatal error: stm32f4xx_hal_conf.h: No such file or directory
   29 | #include "stm32f4xx_hal_conf.h"
      |          ^~~~~~~~~~~~~~~~~~~~~~
compilation terminated.
make: *** [Drivers/STM32F4xx_HAL_Driver/Src/subdir.mk:64: Drivers/STM32F4xx_HAL_Driver/Src/stm32f4xx_hal_pwr.o] Error 1
In file included from ../Drivers/STM32F4xx_HAL_Driver/Src/stm32f4xx_hal_rcc.c:67:
../Drivers/STM32F4xx_HAL_Driver/Inc/stm32f4xx_hal.h:29:10: fatal error: stm32f4xx_hal_conf.h: No such file or directory
   29 | #include "stm32f4xx_hal_conf.h"
      |          ^~~~~~~~~~~~~~~~~~~~~~
compilation terminated.
make: *** [Drivers/STM32F4xx_HAL_Driver/Src/subdir.mk:64: Drivers/STM32F4xx_HAL_Driver/Src/stm32f4xx_hal_pwr_ex.o] Error 1
make: *** [Drivers/STM32F4xx_HAL_Driver/Src/subdir.mk:64: Drivers/STM32F4xx_HAL_Driver/Src/stm32f4xx_hal_rcc.o] Error 1
"make -j16 all" terminated with exit code 2. Build might be incomplete.

11:10:44 Build Failed. 25 errors, 0 warnings. (took 385ms)

