11:16:33 **** Incremental Build of configuration Debug for project 0626_zero_mini_project ****
make -j16 all 
arm-none-eabi-gcc "../Core/ap/src/Presenter.c" -mcpu=cortex-m4 -std=gnu11 -g3 -DDEBUG -DUSE_HAL_DRIVER -DSTM32F411xE -c -I../Core/Inc -I../Drivers/STM32F4xx_HAL_Driver/Inc -I../Drivers/STM32F4xx_HAL_Driver/Inc/Legacy -I../Drivers/CMSIS/Device/ST/STM32F4xx/Include -I../Drivers/CMSIS/Include -I"C:/Users/kccistc/Documents/GitHub/STM32_Running/0626_zero_mini_project/Core/ap" -I"C:/Users/kccistc/Documents/GitHub/STM32_Running/0626_zero_mini_project/Core/driver/Button" -I"C:/Users/kccistc/Documents/GitHub/STM32_Running/0626_zero_mini_project/Core/driver/FND" -I"C:/Users/kccistc/Documents/GitHub/STM32_Running/0626_zero_mini_project/Core/driver/LedBar" -I"C:/Users/kccistc/Documents/GitHub/STM32_Running/0626_zero_mini_project/Core/ap/Inc" -I"C:/Users/kccistc/Documents/GitHub/STM32_Running/0626_zero_mini_project/Core/ap/src" -I"C:/Users/kccistc/Documents/GitHub/STM32_Running/0626_zero_mini_project/Core/driver/LCD" -I"C:/Users/kccistc/Documents/GitHub/STM32_Running/0626_zero_mini_project/Core/driver/buzzer" -I"C:/Users/kccistc/Documents/GitHub/STM32_Running/0626_zero_mini_project/Core/driver/DC_Motor" -I"C:/Users/kccistc/Documents/GitHub/STM32_Running/0626_zero_mini_project/Core/driver/Ultra" -O0 -ffunction-sections -fdata-sections -Wall -fstack-usage -fcyclomatic-complexity -MMD -MP -MF"Core/ap/src/Presenter.d" -MT"Core/ap/src/Presenter.o" --specs=nano.specs -mfpu=fpv4-sp-d16 -mfloat-abi=hard -mthumb -o "Core/ap/src/Presenter.o"
../Core/ap/src/Presenter.c:156:6: warning: 'Presenter_SongBuzzer' defined but not used [-Wunused-function]
  156 | void Presenter_SongBuzzer(uint8_t song)
      |      ^~~~~~~~~~~~~~~~~~~~
../Core/ap/src/Presenter.c:104:6: warning: 'Presenter_DispMonitor' defined but not used [-Wunused-function]
  104 | void Presenter_DispMonitor(char uartRxData)
      |      ^~~~~~~~~~~~~~~~~~~~~
arm-none-eabi-gcc -o "0626_zero_mini_project.elf" @"objects.list"   -mcpu=cortex-m4 -T"C:\Users\kccistc\Documents\GitHub\STM32_Running\0626_zero_mini_project\STM32F411RETX_FLASH.ld" --specs=nosys.specs -Wl,-Map="0626_zero_mini_project.map" -Wl,--gc-sections -static --specs=nano.specs -mfpu=fpv4-sp-d16 -mfloat-abi=hard -mthumb -u _printf_float -u _scanf_float -Wl,--start-group -lc -lm -Wl,--end-group
Finished building target: 0626_zero_mini_project.elf
 
arm-none-eabi-size  0626_zero_mini_project.elf 
arm-none-eabi-objdump -h -S 0626_zero_mini_project.elf  > "0626_zero_mini_project.list"
   text	   data	    bss	    dec	    hex	filename
  48424	    736	   2736	  51896	   cab8	0626_zero_mini_project.elf
Finished building: default.size.stdout
 
Finished building: 0626_zero_mini_project.list
 
21:01:37 **** Incremental Build of configuration Debug for project 0626_zero_mini_project ****
make -j16 all 
arm-none-eabi-gcc "../Core/ap/src/ap_main.c" -mcpu=cortex-m4 -std=gnu11 -g3 -DDEBUG -DUSE_HAL_DRIVER -DSTM32F411xE -c -I../Core/Inc -I../Drivers/STM32F4xx_HAL_Driver/Inc -I../Drivers/STM32F4xx_HAL_Driver/Inc/Legacy -I../Drivers/CMSIS/Device/ST/STM32F4xx/Include -I../Drivers/CMSIS/Include -I"C:/Users/kccistc/Documents/GitHub/STM32_Running/0626_zero_mini_project/Core/ap" -I"C:/Users/kccistc/Documents/GitHub/STM32_Running/0626_zero_mini_project/Core/driver/Button" -I"C:/Users/kccistc/Documents/GitHub/STM32_Running/0626_zero_mini_project/Core/driver/FND" -I"C:/Users/kccistc/Documents/GitHub/STM32_Running/0626_zero_mini_project/Core/driver/LedBar" -I"C:/Users/kccistc/Documents/GitHub/STM32_Running/0626_zero_mini_project/Core/ap/Inc" -I"C:/Users/kccistc/Documents/GitHub/STM32_Running/0626_zero_mini_project/Core/ap/src" -I"C:/Users/kccistc/Documents/GitHub/STM32_Running/0626_zero_mini_project/Core/driver/LCD" -I"C:/Users/kccistc/Documents/GitHub/STM32_Running/0626_zero_mini_project/Core/driver/buzzer" -I"C:/Users/kccistc/Documents/GitHub/STM32_Running/0626_zero_mini_project/Core/driver/DC_Motor" -I"C:/Users/kccistc/Documents/GitHub/STM32_Running/0626_zero_mini_project/Core/driver/Ultra" -O0 -ffunction-sections -fdata-sections -Wall -fstack-usage -fcyclomatic-complexity -MMD -MP -MF"Core/ap/src/ap_main.d" -MT"Core/ap/src/ap_main.o" --specs=nano.specs -mfpu=fpv4-sp-d16 -mfloat-abi=hard -mthumb -o "Core/ap/src/ap_main.o"
../Core/ap/src/ap_main.c: In function 'HAL_TIM_PeriodElapsedCallback':
../Core/ap/src/ap_main.c:38:17: warning: implicit declaration of function 'Presenter_DispLEDMsbToggle' [-Wimplicit-function-declaration]
   38 |                 Presenter_DispLEDMsbToggle();
      |                 ^~~~~~~~~~~~~~~~~~~~~~~~~~
arm-none-eabi-gcc -o "0626_zero_mini_project.elf" @"objects.list"   -mcpu=cortex-m4 -T"C:\Users\kccistc\Documents\GitHub\STM32_Running\0626_zero_mini_project\STM32F411RETX_FLASH.ld" --specs=nosys.specs -Wl,-Map="0626_zero_mini_project.map" -Wl,--gc-sections -static --specs=nano.specs -mfpu=fpv4-sp-d16 -mfloat-abi=hard -mthumb -u _printf_float -u _scanf_float -Wl,--start-group -lc -lm -Wl,--end-group
Finished building target: 0626_zero_mini_project.elf
 
arm-none-eabi-size  0626_zero_mini_project.elf 
arm-none-eabi-objdump -h -S 0626_zero_mini_project.elf  > "0626_zero_mini_project.list"
   text	   data	    bss	    dec	    hex	filename
  48424	    736	   2736	  51896	   cab8	0626_zero_mini_project.elf
Finished building: default.size.stdout
 
Finished building: 0626_zero_mini_project.list
 
10:26:28 **** Incremental Build of configuration Debug for project 0626_zero_mini_project ****
make -j16 all 
arm-none-eabi-size  0626_zero_mini_project.elf 
   text	   data	    bss	    dec	    hex	filename
  48424	    736	   2736	  51896	   cab8	0626_zero_mini_project.elf
Finished building: default.size.stdout
 
10:28:05 **** Incremental Build of configuration Debug for project 0626_zero_mini_project ****
make -j16 all 
arm-none-eabi-gcc "../Core/ap/src/Controller.c" -mcpu=cortex-m4 -std=gnu11 -g3 -DDEBUG -DUSE_HAL_DRIVER -DSTM32F411xE -c -I../Core/Inc -I../Drivers/STM32F4xx_HAL_Driver/Inc -I../Drivers/STM32F4xx_HAL_Driver/Inc/Legacy -I../Drivers/CMSIS/Device/ST/STM32F4xx/Include -I../Drivers/CMSIS/Include -I"C:/Users/kccistc/Documents/GitHub/STM32_Running/0626_zero_mini_project/Core/ap" -I"C:/Users/kccistc/Documents/GitHub/STM32_Running/0626_zero_mini_project/Core/driver/Button" -I"C:/Users/kccistc/Documents/GitHub/STM32_Running/0626_zero_mini_project/Core/driver/FND" -I"C:/Users/kccistc/Documents/GitHub/STM32_Running/0626_zero_mini_project/Core/driver/LedBar" -I"C:/Users/kccistc/Documents/GitHub/STM32_Running/0626_zero_mini_project/Core/ap/Inc" -I"C:/Users/kccistc/Documents/GitHub/STM32_Running/0626_zero_mini_project/Core/ap/src" -I"C:/Users/kccistc/Documents/GitHub/STM32_Running/0626_zero_mini_project/Core/driver/LCD" -I"C:/Users/kccistc/Documents/GitHub/STM32_Running/0626_zero_mini_project/Core/driver/buzzer" -I"C:/Users/kccistc/Documents/GitHub/STM32_Running/0626_zero_mini_project/Core/driver/DC_Motor" -I"C:/Users/kccistc/Documents/GitHub/STM32_Running/0626_zero_mini_project/Core/driver/Ultra" -O0 -ffunction-sections -fdata-sections -Wall -fstack-usage -fcyclomatic-complexity -MMD -MP -MF"Core/ap/src/Controller.d" -MT"Core/ap/src/Controller.o" --specs=nano.specs -mfpu=fpv4-sp-d16 -mfloat-abi=hard -mthumb -o "Core/ap/src/Controller.o"
arm-none-eabi-gcc "../Core/ap/src/Listener.c" -mcpu=cortex-m4 -std=gnu11 -g3 -DDEBUG -DUSE_HAL_DRIVER -DSTM32F411xE -c -I../Core/Inc -I../Drivers/STM32F4xx_HAL_Driver/Inc -I../Drivers/STM32F4xx_HAL_Driver/Inc/Legacy -I../Drivers/CMSIS/Device/ST/STM32F4xx/Include -I../Drivers/CMSIS/Include -I"C:/Users/kccistc/Documents/GitHub/STM32_Running/0626_zero_mini_project/Core/ap" -I"C:/Users/kccistc/Documents/GitHub/STM32_Running/0626_zero_mini_project/Core/driver/Button" -I"C:/Users/kccistc/Documents/GitHub/STM32_Running/0626_zero_mini_project/Core/driver/FND" -I"C:/Users/kccistc/Documents/GitHub/STM32_Running/0626_zero_mini_project/Core/driver/LedBar" -I"C:/Users/kccistc/Documents/GitHub/STM32_Running/0626_zero_mini_project/Core/ap/Inc" -I"C:/Users/kccistc/Documents/GitHub/STM32_Running/0626_zero_mini_project/Core/ap/src" -I"C:/Users/kccistc/Documents/GitHub/STM32_Running/0626_zero_mini_project/Core/driver/LCD" -I"C:/Users/kccistc/Documents/GitHub/STM32_Running/0626_zero_mini_project/Core/driver/buzzer" -I"C:/Users/kccistc/Documents/GitHub/STM32_Running/0626_zero_mini_project/Core/driver/DC_Motor" -I"C:/Users/kccistc/Documents/GitHub/STM32_Running/0626_zero_mini_project/Core/driver/Ultra" -O0 -ffunction-sections -fdata-sections -Wall -fstack-usage -fcyclomatic-complexity -MMD -MP -MF"Core/ap/src/Listener.d" -MT"Core/ap/src/Listener.o" --specs=nano.specs -mfpu=fpv4-sp-d16 -mfloat-abi=hard -mthumb -o "Core/ap/src/Listener.o"
arm-none-eabi-gcc "../Core/ap/src/Presenter.c" -mcpu=cortex-m4 -std=gnu11 -g3 -DDEBUG -DUSE_HAL_DRIVER -DSTM32F411xE -c -I../Core/Inc -I../Drivers/STM32F4xx_HAL_Driver/Inc -I../Drivers/STM32F4xx_HAL_Driver/Inc/Legacy -I../Drivers/CMSIS/Device/ST/STM32F4xx/Include -I../Drivers/CMSIS/Include -I"C:/Users/kccistc/Documents/GitHub/STM32_Running/0626_zero_mini_project/Core/ap" -I"C:/Users/kccistc/Documents/GitHub/STM32_Running/0626_zero_mini_project/Core/driver/Button" -I"C:/Users/kccistc/Documents/GitHub/STM32_Running/0626_zero_mini_project/Core/driver/FND" -I"C:/Users/kccistc/Documents/GitHub/STM32_Running/0626_zero_mini_project/Core/driver/LedBar" -I"C:/Users/kccistc/Documents/GitHub/STM32_Running/0626_zero_mini_project/Core/ap/Inc" -I"C:/Users/kccistc/Documents/GitHub/STM32_Running/0626_zero_mini_project/Core/ap/src" -I"C:/Users/kccistc/Documents/GitHub/STM32_Running/0626_zero_mini_project/Core/driver/LCD" -I"C:/Users/kccistc/Documents/GitHub/STM32_Running/0626_zero_mini_project/Core/driver/buzzer" -I"C:/Users/kccistc/Documents/GitHub/STM32_Running/0626_zero_mini_project/Core/driver/DC_Motor" -I"C:/Users/kccistc/Documents/GitHub/STM32_Running/0626_zero_mini_project/Core/driver/Ultra" -O0 -ffunction-sections -fdata-sections -Wall -fstack-usage -fcyclomatic-complexity -MMD -MP -MF"Core/ap/src/Presenter.d" -MT"Core/ap/src/Presenter.o" --specs=nano.specs -mfpu=fpv4-sp-d16 -mfloat-abi=hard -mthumb -o "Core/ap/src/Presenter.o"
arm-none-eabi-gcc "../Core/ap/src/ap_main.c" -mcpu=cortex-m4 -std=gnu11 -g3 -DDEBUG -DUSE_HAL_DRIVER -DSTM32F411xE -c -I../Core/Inc -I../Drivers/STM32F4xx_HAL_Driver/Inc -I../Drivers/STM32F4xx_HAL_Driver/Inc/Legacy -I../Drivers/CMSIS/Device/ST/STM32F4xx/Include -I../Drivers/CMSIS/Include -I"C:/Users/kccistc/Documents/GitHub/STM32_Running/0626_zero_mini_project/Core/ap" -I"C:/Users/kccistc/Documents/GitHub/STM32_Running/0626_zero_mini_project/Core/driver/Button" -I"C:/Users/kccistc/Documents/GitHub/STM32_Running/0626_zero_mini_project/Core/driver/FND" -I"C:/Users/kccistc/Documents/GitHub/STM32_Running/0626_zero_mini_project/Core/driver/LedBar" -I"C:/Users/kccistc/Documents/GitHub/STM32_Running/0626_zero_mini_project/Core/ap/Inc" -I"C:/Users/kccistc/Documents/GitHub/STM32_Running/0626_zero_mini_project/Core/ap/src" -I"C:/Users/kccistc/Documents/GitHub/STM32_Running/0626_zero_mini_project/Core/driver/LCD" -I"C:/Users/kccistc/Documents/GitHub/STM32_Running/0626_zero_mini_project/Core/driver/buzzer" -I"C:/Users/kccistc/Documents/GitHub/STM32_Running/0626_zero_mini_project/Core/driver/DC_Motor" -I"C:/Users/kccistc/Documents/GitHub/STM32_Running/0626_zero_mini_project/Core/driver/Ultra" -O0 -ffunction-sections -fdata-sections -Wall -fstack-usage -fcyclomatic-complexity -MMD -MP -MF"Core/ap/src/ap_main.d" -MT"Core/ap/src/ap_main.o" --specs=nano.specs -mfpu=fpv4-sp-d16 -mfloat-abi=hard -mthumb -o "Core/ap/src/ap_main.o"
arm-none-eabi-gcc "../Core/ap/src/stopWatch.c" -mcpu=cortex-m4 -std=gnu11 -g3 -DDEBUG -DUSE_HAL_DRIVER -DSTM32F411xE -c -I../Core/Inc -I../Drivers/STM32F4xx_HAL_Driver/Inc -I../Drivers/STM32F4xx_HAL_Driver/Inc/Legacy -I../Drivers/CMSIS/Device/ST/STM32F4xx/Include -I../Drivers/CMSIS/Include -I"C:/Users/kccistc/Documents/GitHub/STM32_Running/0626_zero_mini_project/Core/ap" -I"C:/Users/kccistc/Documents/GitHub/STM32_Running/0626_zero_mini_project/Core/driver/Button" -I"C:/Users/kccistc/Documents/GitHub/STM32_Running/0626_zero_mini_project/Core/driver/FND" -I"C:/Users/kccistc/Documents/GitHub/STM32_Running/0626_zero_mini_project/Core/driver/LedBar" -I"C:/Users/kccistc/Documents/GitHub/STM32_Running/0626_zero_mini_project/Core/ap/Inc" -I"C:/Users/kccistc/Documents/GitHub/STM32_Running/0626_zero_mini_project/Core/ap/src" -I"C:/Users/kccistc/Documents/GitHub/STM32_Running/0626_zero_mini_project/Core/driver/LCD" -I"C:/Users/kccistc/Documents/GitHub/STM32_Running/0626_zero_mini_project/Core/driver/buzzer" -I"C:/Users/kccistc/Documents/GitHub/STM32_Running/0626_zero_mini_project/Core/driver/DC_Motor" -I"C:/Users/kccistc/Documents/GitHub/STM32_Running/0626_zero_mini_project/Core/driver/Ultra" -O0 -ffunction-sections -fdata-sections -Wall -fstack-usage -fcyclomatic-complexity -MMD -MP -MF"Core/ap/src/stopWatch.d" -MT"Core/ap/src/stopWatch.o" --specs=nano.specs -mfpu=fpv4-sp-d16 -mfloat-abi=hard -mthumb -o "Core/ap/src/stopWatch.o"
arm-none-eabi-gcc "../Core/ap/src/timeWatch.c" -mcpu=cortex-m4 -std=gnu11 -g3 -DDEBUG -DUSE_HAL_DRIVER -DSTM32F411xE -c -I../Core/Inc -I../Drivers/STM32F4xx_HAL_Driver/Inc -I../Drivers/STM32F4xx_HAL_Driver/Inc/Legacy -I../Drivers/CMSIS/Device/ST/STM32F4xx/Include -I../Drivers/CMSIS/Include -I"C:/Users/kccistc/Documents/GitHub/STM32_Running/0626_zero_mini_project/Core/ap" -I"C:/Users/kccistc/Documents/GitHub/STM32_Running/0626_zero_mini_project/Core/driver/Button" -I"C:/Users/kccistc/Documents/GitHub/STM32_Running/0626_zero_mini_project/Core/driver/FND" -I"C:/Users/kccistc/Documents/GitHub/STM32_Running/0626_zero_mini_project/Core/driver/LedBar" -I"C:/Users/kccistc/Documents/GitHub/STM32_Running/0626_zero_mini_project/Core/ap/Inc" -I"C:/Users/kccistc/Documents/GitHub/STM32_Running/0626_zero_mini_project/Core/ap/src" -I"C:/Users/kccistc/Documents/GitHub/STM32_Running/0626_zero_mini_project/Core/driver/LCD" -I"C:/Users/kccistc/Documents/GitHub/STM32_Running/0626_zero_mini_project/Core/driver/buzzer" -I"C:/Users/kccistc/Documents/GitHub/STM32_Running/0626_zero_mini_project/Core/driver/DC_Motor" -I"C:/Users/kccistc/Documents/GitHub/STM32_Running/0626_zero_mini_project/Core/driver/Ultra" -O0 -ffunction-sections -fdata-sections -Wall -fstack-usage -fcyclomatic-complexity -MMD -MP -MF"Core/ap/src/timeWatch.d" -MT"Core/ap/src/timeWatch.o" --specs=nano.specs -mfpu=fpv4-sp-d16 -mfloat-abi=hard -mthumb -o "Core/ap/src/timeWatch.o"
arm-none-eabi-gcc "../Core/Src/main.c" -mcpu=cortex-m4 -std=gnu11 -g3 -DDEBUG -DUSE_HAL_DRIVER -DSTM32F411xE -c -I../Core/Inc -I../Drivers/STM32F4xx_HAL_Driver/Inc -I../Drivers/STM32F4xx_HAL_Driver/Inc/Legacy -I../Drivers/CMSIS/Device/ST/STM32F4xx/Include -I../Drivers/CMSIS/Include -I"C:/Users/kccistc/Documents/GitHub/STM32_Running/0626_zero_mini_project/Core/ap" -I"C:/Users/kccistc/Documents/GitHub/STM32_Running/0626_zero_mini_project/Core/driver/Button" -I"C:/Users/kccistc/Documents/GitHub/STM32_Running/0626_zero_mini_project/Core/driver/FND" -I"C:/Users/kccistc/Documents/GitHub/STM32_Running/0626_zero_mini_project/Core/driver/LedBar" -I"C:/Users/kccistc/Documents/GitHub/STM32_Running/0626_zero_mini_project/Core/ap/Inc" -I"C:/Users/kccistc/Documents/GitHub/STM32_Running/0626_zero_mini_project/Core/ap/src" -I"C:/Users/kccistc/Documents/GitHub/STM32_Running/0626_zero_mini_project/Core/driver/LCD" -I"C:/Users/kccistc/Documents/GitHub/STM32_Running/0626_zero_mini_project/Core/driver/buzzer" -I"C:/Users/kccistc/Documents/GitHub/STM32_Running/0626_zero_mini_project/Core/driver/DC_Motor" -I"C:/Users/kccistc/Documents/GitHub/STM32_Running/0626_zero_mini_project/Core/driver/Ultra" -O0 -ffunction-sections -fdata-sections -Wall -fstack-usage -fcyclomatic-complexity -MMD -MP -MF"Core/Src/main.d" -MT"Core/Src/main.o" --specs=nano.specs -mfpu=fpv4-sp-d16 -mfloat-abi=hard -mthumb -o "Core/Src/main.o"
../Core/ap/src/Controller.c: In function 'Controller_OutData':
../Core/ap/src/Controller.c:33:9: warning: implicit declaration of function 'memcpy' [-Wimplicit-function-declaration]
   33 |         memcpy(c2p_data, &OutputData, sizeof(C2P_Data));
      |         ^~~~~~
../Core/ap/src/Controller.c:8:1: note: include '<string.h>' or provide a declaration of 'memcpy'
    7 | #include "Controller.h"
  +++ |+#include <string.h>
    8 | 
../Core/ap/src/Controller.c:33:9: warning: incompatible implicit declaration of built-in function 'memcpy' [-Wbuiltin-declaration-mismatch]
   33 |         memcpy(c2p_data, &OutputData, sizeof(C2P_Data));
      |         ^~~~~~
../Core/ap/src/Controller.c:33:9: note: include '<string.h>' or provide a declaration of 'memcpy'
../Core/ap/src/ap_main.c: In function 'HAL_TIM_PeriodElapsedCallback':
../Core/ap/src/ap_main.c:38:17: warning: implicit declaration of function 'Presenter_DispLEDMsbToggle' [-Wimplicit-function-declaration]
   38 |                 Presenter_DispLEDMsbToggle();
      |                 ^~~~~~~~~~~~~~~~~~~~~~~~~~
../Core/ap/src/Presenter.c:156:6: warning: 'Presenter_SongBuzzer' defined but not used [-Wunused-function]
  156 | void Presenter_SongBuzzer(uint8_t song)
      |      ^~~~~~~~~~~~~~~~~~~~
../Core/ap/src/Presenter.c:104:6: warning: 'Presenter_DispMonitor' defined but not used [-Wunused-function]
  104 | void Presenter_DispMonitor(char uartRxData)
      |      ^~~~~~~~~~~~~~~~~~~~~
arm-none-eabi-gcc -o "0626_zero_mini_project.elf" @"objects.list"   -mcpu=cortex-m4 -T"C:\Users\kccistc\Documents\GitHub\STM32_Running\0626_zero_mini_project\STM32F411RETX_FLASH.ld" --specs=nosys.specs -Wl,-Map="0626_zero_mini_project.map" -Wl,--gc-sections -static --specs=nano.specs -mfpu=fpv4-sp-d16 -mfloat-abi=hard -mthumb -u _printf_float -u _scanf_float -Wl,--start-group -lc -lm -Wl,--end-group
Finished building target: 0626_zero_mini_project.elf
 
arm-none-eabi-size  0626_zero_mini_project.elf 
arm-none-eabi-objdump -h -S 0626_zero_mini_project.elf  > "0626_zero_mini_project.list"
   text	   data	    bss	    dec	    hex	filename
  48488	    736	   2744	  51968	   cb00	0626_zero_mini_project.elf
Finished building: default.size.stdout
 
Finished building: 0626_zero_mini_project.list
 
10:31:41 **** Incremental Build of configuration Debug for project 0626_zero_mini_project ****
make -j16 all 
arm-none-eabi-gcc "../Core/ap/src/Controller.c" -mcpu=cortex-m4 -std=gnu11 -g3 -DDEBUG -DUSE_HAL_DRIVER -DSTM32F411xE -c -I../Core/Inc -I../Drivers/STM32F4xx_HAL_Driver/Inc -I../Drivers/STM32F4xx_HAL_Driver/Inc/Legacy -I../Drivers/CMSIS/Device/ST/STM32F4xx/Include -I../Drivers/CMSIS/Include -I"C:/Users/kccistc/Documents/GitHub/STM32_Running/0626_zero_mini_project/Core/ap" -I"C:/Users/kccistc/Documents/GitHub/STM32_Running/0626_zero_mini_project/Core/driver/Button" -I"C:/Users/kccistc/Documents/GitHub/STM32_Running/0626_zero_mini_project/Core/driver/FND" -I"C:/Users/kccistc/Documents/GitHub/STM32_Running/0626_zero_mini_project/Core/driver/LedBar" -I"C:/Users/kccistc/Documents/GitHub/STM32_Running/0626_zero_mini_project/Core/ap/Inc" -I"C:/Users/kccistc/Documents/GitHub/STM32_Running/0626_zero_mini_project/Core/ap/src" -I"C:/Users/kccistc/Documents/GitHub/STM32_Running/0626_zero_mini_project/Core/driver/LCD" -I"C:/Users/kccistc/Documents/GitHub/STM32_Running/0626_zero_mini_project/Core/driver/buzzer" -I"C:/Users/kccistc/Documents/GitHub/STM32_Running/0626_zero_mini_project/Core/driver/DC_Motor" -I"C:/Users/kccistc/Documents/GitHub/STM32_Running/0626_zero_mini_project/Core/driver/Ultra" -O0 -ffunction-sections -fdata-sections -Wall -fstack-usage -fcyclomatic-complexity -MMD -MP -MF"Core/ap/src/Controller.d" -MT"Core/ap/src/Controller.o" --specs=nano.specs -mfpu=fpv4-sp-d16 -mfloat-abi=hard -mthumb -o "Core/ap/src/Controller.o"
arm-none-eabi-gcc "../Core/ap/src/Listener.c" -mcpu=cortex-m4 -std=gnu11 -g3 -DDEBUG -DUSE_HAL_DRIVER -DSTM32F411xE -c -I../Core/Inc -I../Drivers/STM32F4xx_HAL_Driver/Inc -I../Drivers/STM32F4xx_HAL_Driver/Inc/Legacy -I../Drivers/CMSIS/Device/ST/STM32F4xx/Include -I../Drivers/CMSIS/Include -I"C:/Users/kccistc/Documents/GitHub/STM32_Running/0626_zero_mini_project/Core/ap" -I"C:/Users/kccistc/Documents/GitHub/STM32_Running/0626_zero_mini_project/Core/driver/Button" -I"C:/Users/kccistc/Documents/GitHub/STM32_Running/0626_zero_mini_project/Core/driver/FND" -I"C:/Users/kccistc/Documents/GitHub/STM32_Running/0626_zero_mini_project/Core/driver/LedBar" -I"C:/Users/kccistc/Documents/GitHub/STM32_Running/0626_zero_mini_project/Core/ap/Inc" -I"C:/Users/kccistc/Documents/GitHub/STM32_Running/0626_zero_mini_project/Core/ap/src" -I"C:/Users/kccistc/Documents/GitHub/STM32_Running/0626_zero_mini_project/Core/driver/LCD" -I"C:/Users/kccistc/Documents/GitHub/STM32_Running/0626_zero_mini_project/Core/driver/buzzer" -I"C:/Users/kccistc/Documents/GitHub/STM32_Running/0626_zero_mini_project/Core/driver/DC_Motor" -I"C:/Users/kccistc/Documents/GitHub/STM32_Running/0626_zero_mini_project/Core/driver/Ultra" -O0 -ffunction-sections -fdata-sections -Wall -fstack-usage -fcyclomatic-complexity -MMD -MP -MF"Core/ap/src/Listener.d" -MT"Core/ap/src/Listener.o" --specs=nano.specs -mfpu=fpv4-sp-d16 -mfloat-abi=hard -mthumb -o "Core/ap/src/Listener.o"
../Core/ap/src/Controller.c: In function 'Controller_OutData':
../Core/ap/src/Controller.c:33:9: warning: implicit declaration of function 'memcpy' [-Wimplicit-function-declaration]
   33 |         memcpy(c2p_data, &OutputData, sizeof(C2P_Data));
      |         ^~~~~~
../Core/ap/src/Controller.c:8:1: note: include '<string.h>' or provide a declaration of 'memcpy'
    7 | #include "Controller.h"
  +++ |+#include <string.h>
    8 | 
../Core/ap/src/Controller.c:33:9: warning: incompatible implicit declaration of built-in function 'memcpy' [-Wbuiltin-declaration-mismatch]
   33 |         memcpy(c2p_data, &OutputData, sizeof(C2P_Data));
      |         ^~~~~~
../Core/ap/src/Controller.c:33:9: note: include '<string.h>' or provide a declaration of 'memcpy'
../Core/ap/src/Listener.c: In function 'Listener_CheckUltra':
../Core/ap/src/Listener.c:160:32: warning: implicit declaration of function 'Ultra_Start' [-Wimplicit-function-declaration]
  160 |         inputData.ultra_data = Ultra_Start();
      |                                ^~~~~~~~~~~
arm-none-eabi-gcc -o "0626_zero_mini_project.elf" @"objects.list"   -mcpu=cortex-m4 -T"C:\Users\kccistc\Documents\GitHub\STM32_Running\0626_zero_mini_project\STM32F411RETX_FLASH.ld" --specs=nosys.specs -Wl,-Map="0626_zero_mini_project.map" -Wl,--gc-sections -static --specs=nano.specs -mfpu=fpv4-sp-d16 -mfloat-abi=hard -mthumb -u _printf_float -u _scanf_float -Wl,--start-group -lc -lm -Wl,--end-group
Finished building target: 0626_zero_mini_project.elf
 
arm-none-eabi-size  0626_zero_mini_project.elf 
arm-none-eabi-objdump -h -S 0626_zero_mini_project.elf  > "0626_zero_mini_project.list"
   text	   data	    bss	    dec	    hex	filename
  48824	    752	   2752	  52328	   cc68	0626_zero_mini_project.elf
Finished building: default.size.stdout
 
Finished building: 0626_zero_mini_project.list
 
11:08:05 **** Incremental Build of configuration Debug for project 0626_zero_mini_project ****
make -j16 all 
arm-none-eabi-gcc "../Core/ap/src/Listener.c" -mcpu=cortex-m4 -std=gnu11 -g3 -DDEBUG -DUSE_HAL_DRIVER -DSTM32F411xE -c -I../Core/Inc -I../Drivers/STM32F4xx_HAL_Driver/Inc -I../Drivers/STM32F4xx_HAL_Driver/Inc/Legacy -I../Drivers/CMSIS/Device/ST/STM32F4xx/Include -I../Drivers/CMSIS/Include -I"C:/Users/kccistc/Documents/GitHub/STM32_Running/0626_zero_mini_project/Core/ap" -I"C:/Users/kccistc/Documents/GitHub/STM32_Running/0626_zero_mini_project/Core/driver/Button" -I"C:/Users/kccistc/Documents/GitHub/STM32_Running/0626_zero_mini_project/Core/driver/FND" -I"C:/Users/kccistc/Documents/GitHub/STM32_Running/0626_zero_mini_project/Core/driver/LedBar" -I"C:/Users/kccistc/Documents/GitHub/STM32_Running/0626_zero_mini_project/Core/ap/Inc" -I"C:/Users/kccistc/Documents/GitHub/STM32_Running/0626_zero_mini_project/Core/ap/src" -I"C:/Users/kccistc/Documents/GitHub/STM32_Running/0626_zero_mini_project/Core/driver/LCD" -I"C:/Users/kccistc/Documents/GitHub/STM32_Running/0626_zero_mini_project/Core/driver/buzzer" -I"C:/Users/kccistc/Documents/GitHub/STM32_Running/0626_zero_mini_project/Core/driver/DC_Motor" -I"C:/Users/kccistc/Documents/GitHub/STM32_Running/0626_zero_mini_project/Core/driver/Ultra" -O0 -ffunction-sections -fdata-sections -Wall -fstack-usage -fcyclomatic-complexity -MMD -MP -MF"Core/ap/src/Listener.d" -MT"Core/ap/src/Listener.o" --specs=nano.specs -mfpu=fpv4-sp-d16 -mfloat-abi=hard -mthumb -o "Core/ap/src/Listener.o"
../Core/ap/src/Listener.c: In function 'Listener_CheckUltra':
../Core/ap/src/Listener.c:160:32: warning: implicit declaration of function 'Ultra_Start' [-Wimplicit-function-declaration]
  160 |         inputData.ultra_data = Ultra_Start();
      |                                ^~~~~~~~~~~
arm-none-eabi-gcc -o "0626_zero_mini_project.elf" @"objects.list"   -mcpu=cortex-m4 -T"C:\Users\kccistc\Documents\GitHub\STM32_Running\0626_zero_mini_project\STM32F411RETX_FLASH.ld" --specs=nosys.specs -Wl,-Map="0626_zero_mini_project.map" -Wl,--gc-sections -static --specs=nano.specs -mfpu=fpv4-sp-d16 -mfloat-abi=hard -mthumb -u _printf_float -u _scanf_float -Wl,--start-group -lc -lm -Wl,--end-group
Finished building target: 0626_zero_mini_project.elf
 
arm-none-eabi-size  0626_zero_mini_project.elf 
arm-none-eabi-objdump -h -S 0626_zero_mini_project.elf  > "0626_zero_mini_project.list"
   text	   data	    bss	    dec	    hex	filename
  48824	    752	   2752	  52328	   cc68	0626_zero_mini_project.elf
Finished building: default.size.stdout
 
Finished building: 0626_zero_mini_project.list
 
11:08:19 **** Incremental Build of configuration Debug for project 0626_zero_mini_project ****
make -j16 all 
arm-none-eabi-gcc "../Core/ap/src/Listener.c" -mcpu=cortex-m4 -std=gnu11 -g3 -DDEBUG -DUSE_HAL_DRIVER -DSTM32F411xE -c -I../Core/Inc -I../Drivers/STM32F4xx_HAL_Driver/Inc -I../Drivers/STM32F4xx_HAL_Driver/Inc/Legacy -I../Drivers/CMSIS/Device/ST/STM32F4xx/Include -I../Drivers/CMSIS/Include -I"C:/Users/kccistc/Documents/GitHub/STM32_Running/0626_zero_mini_project/Core/ap" -I"C:/Users/kccistc/Documents/GitHub/STM32_Running/0626_zero_mini_project/Core/driver/Button" -I"C:/Users/kccistc/Documents/GitHub/STM32_Running/0626_zero_mini_project/Core/driver/FND" -I"C:/Users/kccistc/Documents/GitHub/STM32_Running/0626_zero_mini_project/Core/driver/LedBar" -I"C:/Users/kccistc/Documents/GitHub/STM32_Running/0626_zero_mini_project/Core/ap/Inc" -I"C:/Users/kccistc/Documents/GitHub/STM32_Running/0626_zero_mini_project/Core/ap/src" -I"C:/Users/kccistc/Documents/GitHub/STM32_Running/0626_zero_mini_project/Core/driver/LCD" -I"C:/Users/kccistc/Documents/GitHub/STM32_Running/0626_zero_mini_project/Core/driver/buzzer" -I"C:/Users/kccistc/Documents/GitHub/STM32_Running/0626_zero_mini_project/Core/driver/DC_Motor" -I"C:/Users/kccistc/Documents/GitHub/STM32_Running/0626_zero_mini_project/Core/driver/Ultra" -O0 -ffunction-sections -fdata-sections -Wall -fstack-usage -fcyclomatic-complexity -MMD -MP -MF"Core/ap/src/Listener.d" -MT"Core/ap/src/Listener.o" --specs=nano.specs -mfpu=fpv4-sp-d16 -mfloat-abi=hard -mthumb -o "Core/ap/src/Listener.o"
arm-none-eabi-gcc "../Core/ap/src/ap_main.c" -mcpu=cortex-m4 -std=gnu11 -g3 -DDEBUG -DUSE_HAL_DRIVER -DSTM32F411xE -c -I../Core/Inc -I../Drivers/STM32F4xx_HAL_Driver/Inc -I../Drivers/STM32F4xx_HAL_Driver/Inc/Legacy -I../Drivers/CMSIS/Device/ST/STM32F4xx/Include -I../Drivers/CMSIS/Include -I"C:/Users/kccistc/Documents/GitHub/STM32_Running/0626_zero_mini_project/Core/ap" -I"C:/Users/kccistc/Documents/GitHub/STM32_Running/0626_zero_mini_project/Core/driver/Button" -I"C:/Users/kccistc/Documents/GitHub/STM32_Running/0626_zero_mini_project/Core/driver/FND" -I"C:/Users/kccistc/Documents/GitHub/STM32_Running/0626_zero_mini_project/Core/driver/LedBar" -I"C:/Users/kccistc/Documents/GitHub/STM32_Running/0626_zero_mini_project/Core/ap/Inc" -I"C:/Users/kccistc/Documents/GitHub/STM32_Running/0626_zero_mini_project/Core/ap/src" -I"C:/Users/kccistc/Documents/GitHub/STM32_Running/0626_zero_mini_project/Core/driver/LCD" -I"C:/Users/kccistc/Documents/GitHub/STM32_Running/0626_zero_mini_project/Core/driver/buzzer" -I"C:/Users/kccistc/Documents/GitHub/STM32_Running/0626_zero_mini_project/Core/driver/DC_Motor" -I"C:/Users/kccistc/Documents/GitHub/STM32_Running/0626_zero_mini_project/Core/driver/Ultra" -O0 -ffunction-sections -fdata-sections -Wall -fstack-usage -fcyclomatic-complexity -MMD -MP -MF"Core/ap/src/ap_main.d" -MT"Core/ap/src/ap_main.o" --specs=nano.specs -mfpu=fpv4-sp-d16 -mfloat-abi=hard -mthumb -o "Core/ap/src/ap_main.o"
arm-none-eabi-gcc "../Core/Src/main.c" -mcpu=cortex-m4 -std=gnu11 -g3 -DDEBUG -DUSE_HAL_DRIVER -DSTM32F411xE -c -I../Core/Inc -I../Drivers/STM32F4xx_HAL_Driver/Inc -I../Drivers/STM32F4xx_HAL_Driver/Inc/Legacy -I../Drivers/CMSIS/Device/ST/STM32F4xx/Include -I../Drivers/CMSIS/Include -I"C:/Users/kccistc/Documents/GitHub/STM32_Running/0626_zero_mini_project/Core/ap" -I"C:/Users/kccistc/Documents/GitHub/STM32_Running/0626_zero_mini_project/Core/driver/Button" -I"C:/Users/kccistc/Documents/GitHub/STM32_Running/0626_zero_mini_project/Core/driver/FND" -I"C:/Users/kccistc/Documents/GitHub/STM32_Running/0626_zero_mini_project/Core/driver/LedBar" -I"C:/Users/kccistc/Documents/GitHub/STM32_Running/0626_zero_mini_project/Core/ap/Inc" -I"C:/Users/kccistc/Documents/GitHub/STM32_Running/0626_zero_mini_project/Core/ap/src" -I"C:/Users/kccistc/Documents/GitHub/STM32_Running/0626_zero_mini_project/Core/driver/LCD" -I"C:/Users/kccistc/Documents/GitHub/STM32_Running/0626_zero_mini_project/Core/driver/buzzer" -I"C:/Users/kccistc/Documents/GitHub/STM32_Running/0626_zero_mini_project/Core/driver/DC_Motor" -I"C:/Users/kccistc/Documents/GitHub/STM32_Running/0626_zero_mini_project/Core/driver/Ultra" -O0 -ffunction-sections -fdata-sections -Wall -fstack-usage -fcyclomatic-complexity -MMD -MP -MF"Core/Src/main.d" -MT"Core/Src/main.o" --specs=nano.specs -mfpu=fpv4-sp-d16 -mfloat-abi=hard -mthumb -o "Core/Src/main.o"
../Core/ap/src/ap_main.c: In function 'HAL_TIM_PeriodElapsedCallback':
../Core/ap/src/ap_main.c:38:17: warning: implicit declaration of function 'Presenter_DispLEDMsbToggle' [-Wimplicit-function-declaration]
   38 |                 Presenter_DispLEDMsbToggle();
      |                 ^~~~~~~~~~~~~~~~~~~~~~~~~~
arm-none-eabi-gcc -o "0626_zero_mini_project.elf" @"objects.list"   -mcpu=cortex-m4 -T"C:\Users\kccistc\Documents\GitHub\STM32_Running\0626_zero_mini_project\STM32F411RETX_FLASH.ld" --specs=nosys.specs -Wl,-Map="0626_zero_mini_project.map" -Wl,--gc-sections -static --specs=nano.specs -mfpu=fpv4-sp-d16 -mfloat-abi=hard -mthumb -u _printf_float -u _scanf_float -Wl,--start-group -lc -lm -Wl,--end-group
Finished building target: 0626_zero_mini_project.elf
 
arm-none-eabi-size  0626_zero_mini_project.elf 
arm-none-eabi-objdump -h -S 0626_zero_mini_project.elf  > "0626_zero_mini_project.list"
   text	   data	    bss	    dec	    hex	filename
  48824	    752	   2752	  52328	   cc68	0626_zero_mini_project.elf
Finished building: default.size.stdout
 
Finished building: 0626_zero_mini_project.list
 
11:08:55 **** Incremental Build of configuration Debug for project 0626_zero_mini_project ****
make -j16 all 
arm-none-eabi-gcc "../Core/ap/src/Presenter.c" -mcpu=cortex-m4 -std=gnu11 -g3 -DDEBUG -DUSE_HAL_DRIVER -DSTM32F411xE -c -I../Core/Inc -I../Drivers/STM32F4xx_HAL_Driver/Inc -I../Drivers/STM32F4xx_HAL_Driver/Inc/Legacy -I../Drivers/CMSIS/Device/ST/STM32F4xx/Include -I../Drivers/CMSIS/Include -I"C:/Users/kccistc/Documents/GitHub/STM32_Running/0626_zero_mini_project/Core/ap" -I"C:/Users/kccistc/Documents/GitHub/STM32_Running/0626_zero_mini_project/Core/driver/Button" -I"C:/Users/kccistc/Documents/GitHub/STM32_Running/0626_zero_mini_project/Core/driver/FND" -I"C:/Users/kccistc/Documents/GitHub/STM32_Running/0626_zero_mini_project/Core/driver/LedBar" -I"C:/Users/kccistc/Documents/GitHub/STM32_Running/0626_zero_mini_project/Core/ap/Inc" -I"C:/Users/kccistc/Documents/GitHub/STM32_Running/0626_zero_mini_project/Core/ap/src" -I"C:/Users/kccistc/Documents/GitHub/STM32_Running/0626_zero_mini_project/Core/driver/LCD" -I"C:/Users/kccistc/Documents/GitHub/STM32_Running/0626_zero_mini_project/Core/driver/buzzer" -I"C:/Users/kccistc/Documents/GitHub/STM32_Running/0626_zero_mini_project/Core/driver/DC_Motor" -I"C:/Users/kccistc/Documents/GitHub/STM32_Running/0626_zero_mini_project/Core/driver/Ultra" -O0 -ffunction-sections -fdata-sections -Wall -fstack-usage -fcyclomatic-complexity -MMD -MP -MF"Core/ap/src/Presenter.d" -MT"Core/ap/src/Presenter.o" --specs=nano.specs -mfpu=fpv4-sp-d16 -mfloat-abi=hard -mthumb -o "Core/ap/src/Presenter.o"
arm-none-eabi-gcc "../Core/ap/src/ap_main.c" -mcpu=cortex-m4 -std=gnu11 -g3 -DDEBUG -DUSE_HAL_DRIVER -DSTM32F411xE -c -I../Core/Inc -I../Drivers/STM32F4xx_HAL_Driver/Inc -I../Drivers/STM32F4xx_HAL_Driver/Inc/Legacy -I../Drivers/CMSIS/Device/ST/STM32F4xx/Include -I../Drivers/CMSIS/Include -I"C:/Users/kccistc/Documents/GitHub/STM32_Running/0626_zero_mini_project/Core/ap" -I"C:/Users/kccistc/Documents/GitHub/STM32_Running/0626_zero_mini_project/Core/driver/Button" -I"C:/Users/kccistc/Documents/GitHub/STM32_Running/0626_zero_mini_project/Core/driver/FND" -I"C:/Users/kccistc/Documents/GitHub/STM32_Running/0626_zero_mini_project/Core/driver/LedBar" -I"C:/Users/kccistc/Documents/GitHub/STM32_Running/0626_zero_mini_project/Core/ap/Inc" -I"C:/Users/kccistc/Documents/GitHub/STM32_Running/0626_zero_mini_project/Core/ap/src" -I"C:/Users/kccistc/Documents/GitHub/STM32_Running/0626_zero_mini_project/Core/driver/LCD" -I"C:/Users/kccistc/Documents/GitHub/STM32_Running/0626_zero_mini_project/Core/driver/buzzer" -I"C:/Users/kccistc/Documents/GitHub/STM32_Running/0626_zero_mini_project/Core/driver/DC_Motor" -I"C:/Users/kccistc/Documents/GitHub/STM32_Running/0626_zero_mini_project/Core/driver/Ultra" -O0 -ffunction-sections -fdata-sections -Wall -fstack-usage -fcyclomatic-complexity -MMD -MP -MF"Core/ap/src/ap_main.d" -MT"Core/ap/src/ap_main.o" --specs=nano.specs -mfpu=fpv4-sp-d16 -mfloat-abi=hard -mthumb -o "Core/ap/src/ap_main.o"
arm-none-eabi-gcc "../Core/Src/main.c" -mcpu=cortex-m4 -std=gnu11 -g3 -DDEBUG -DUSE_HAL_DRIVER -DSTM32F411xE -c -I../Core/Inc -I../Drivers/STM32F4xx_HAL_Driver/Inc -I../Drivers/STM32F4xx_HAL_Driver/Inc/Legacy -I../Drivers/CMSIS/Device/ST/STM32F4xx/Include -I../Drivers/CMSIS/Include -I"C:/Users/kccistc/Documents/GitHub/STM32_Running/0626_zero_mini_project/Core/ap" -I"C:/Users/kccistc/Documents/GitHub/STM32_Running/0626_zero_mini_project/Core/driver/Button" -I"C:/Users/kccistc/Documents/GitHub/STM32_Running/0626_zero_mini_project/Core/driver/FND" -I"C:/Users/kccistc/Documents/GitHub/STM32_Running/0626_zero_mini_project/Core/driver/LedBar" -I"C:/Users/kccistc/Documents/GitHub/STM32_Running/0626_zero_mini_project/Core/ap/Inc" -I"C:/Users/kccistc/Documents/GitHub/STM32_Running/0626_zero_mini_project/Core/ap/src" -I"C:/Users/kccistc/Documents/GitHub/STM32_Running/0626_zero_mini_project/Core/driver/LCD" -I"C:/Users/kccistc/Documents/GitHub/STM32_Running/0626_zero_mini_project/Core/driver/buzzer" -I"C:/Users/kccistc/Documents/GitHub/STM32_Running/0626_zero_mini_project/Core/driver/DC_Motor" -I"C:/Users/kccistc/Documents/GitHub/STM32_Running/0626_zero_mini_project/Core/driver/Ultra" -O0 -ffunction-sections -fdata-sections -Wall -fstack-usage -fcyclomatic-complexity -MMD -MP -MF"Core/Src/main.d" -MT"Core/Src/main.o" --specs=nano.specs -mfpu=fpv4-sp-d16 -mfloat-abi=hard -mthumb -o "Core/Src/main.o"
../Core/ap/src/Presenter.c:156:6: warning: 'Presenter_SongBuzzer' defined but not used [-Wunused-function]
  156 | void Presenter_SongBuzzer(uint8_t song)
      |      ^~~~~~~~~~~~~~~~~~~~
../Core/ap/src/Presenter.c:104:6: warning: 'Presenter_DispMonitor' defined but not used [-Wunused-function]
  104 | void Presenter_DispMonitor(char uartRxData)
      |      ^~~~~~~~~~~~~~~~~~~~~
arm-none-eabi-gcc -o "0626_zero_mini_project.elf" @"objects.list"   -mcpu=cortex-m4 -T"C:\Users\kccistc\Documents\GitHub\STM32_Running\0626_zero_mini_project\STM32F411RETX_FLASH.ld" --specs=nosys.specs -Wl,-Map="0626_zero_mini_project.map" -Wl,--gc-sections -static --specs=nano.specs -mfpu=fpv4-sp-d16 -mfloat-abi=hard -mthumb -u _printf_float -u _scanf_float -Wl,--start-group -lc -lm -Wl,--end-group
Finished building target: 0626_zero_mini_project.elf
 
arm-none-eabi-size  0626_zero_mini_project.elf 
arm-none-eabi-objdump -h -S 0626_zero_mini_project.elf  > "0626_zero_mini_project.list"
   text	   data	    bss	    dec	    hex	filename
  48824	    752	   2752	  52328	   cc68	0626_zero_mini_project.elf
Finished building: default.size.stdout
 
Finished building: 0626_zero_mini_project.list
 
14:07:38 **** Incremental Build of configuration Debug for project 0626_zero_mini_project ****
make -j16 all 
arm-none-eabi-size  0626_zero_mini_project.elf 
   text	   data	    bss	    dec	    hex	filename
  48824	    752	   2752	  52328	   cc68	0626_zero_mini_project.elf
Finished building: default.size.stdout
 
